{"level":"debug","ts":1720490806.9051247,"caller":"logger/zap_logger.go:16","msg":"%s\n[%.3fms] [rows:%v] %s","args":["C:/Users/L/Desktop/实训/Project/repository/dao/init.go:18",0,"-","SELECT DATABASE()"]}
{"level":"debug","ts":1720490806.9126,"caller":"logger/zap_logger.go:16","msg":"%s\n[%.3fms] [rows:%v] %s","args":["C:/Users/L/Desktop/实训/Project/repository/dao/init.go:18",6.4565,1,"SELECT SCHEMA_NAME from Information_schema.SCHEMATA where SCHEMA_NAME LIKE 'wms%' ORDER BY SCHEMA_NAME='wms' DESC,SCHEMA_NAME limit 1"]}
{"level":"debug","ts":1720490806.9170973,"caller":"logger/zap_logger.go:16","msg":"%s\n[%.3fms] [rows:%v] %s","args":["C:/Users/L/Desktop/实训/Project/repository/dao/init.go:18",4.4973,"-","SELECT count(*) FROM information_schema.tables WHERE table_schema = 'wms' AND table_name = 'users' AND table_type = 'BASE TABLE'"]}
{"level":"debug","ts":1720490806.917439,"caller":"logger/zap_logger.go:16","msg":"%s\n[%.3fms] [rows:%v] %s","args":["C:/Users/L/Desktop/实训/Project/repository/dao/init.go:18",0,"-","SELECT DATABASE()"]}
{"level":"debug","ts":1720490806.9180737,"caller":"logger/zap_logger.go:16","msg":"%s\n[%.3fms] [rows:%v] %s","args":["C:/Users/L/Desktop/实训/Project/repository/dao/init.go:18",0.6346,1,"SELECT SCHEMA_NAME from Information_schema.SCHEMATA where SCHEMA_NAME LIKE 'wms%' ORDER BY SCHEMA_NAME='wms' DESC,SCHEMA_NAME limit 1"]}
{"level":"debug","ts":1720490806.9185765,"caller":"logger/zap_logger.go:16","msg":"%s\n[%.3fms] [rows:%v] %s","args":["C:/Users/L/Desktop/实训/Project/repository/dao/init.go:18",0,"-","SELECT * FROM `users` LIMIT 1"]}
{"level":"debug","ts":1720490806.9213245,"caller":"logger/zap_logger.go:16","msg":"%s\n[%.3fms] [rows:%v] %s","args":["C:/Users/L/Desktop/实训/Project/repository/dao/init.go:18",2.748,"-","SELECT column_name, column_default, is_nullable = 'YES', data_type, character_maximum_length, column_type, column_key, extra, column_comment, numeric_precision, numeric_scale , datetime_precision FROM information_schema.columns WHERE table_schema = 'wms' AND table_name = 'users' ORDER BY ORDINAL_POSITION"]}
{"level":"debug","ts":1720490806.9214928,"caller":"logger/zap_logger.go:16","msg":"%s\n[%.3fms] [rows:%v] %s","args":["C:/Users/L/Desktop/实训/Project/repository/dao/init.go:18",0,"-","SELECT DATABASE()"]}
{"level":"debug","ts":1720490806.9221513,"caller":"logger/zap_logger.go:16","msg":"%s\n[%.3fms] [rows:%v] %s","args":["C:/Users/L/Desktop/实训/Project/repository/dao/init.go:18",0.6588,1,"SELECT SCHEMA_NAME from Information_schema.SCHEMATA where SCHEMA_NAME LIKE 'wms%' ORDER BY SCHEMA_NAME='wms' DESC,SCHEMA_NAME limit 1"]}
{"level":"debug","ts":1720490806.9228163,"caller":"logger/zap_logger.go:16","msg":"%s\n[%.3fms] [rows:%v] %s","args":["C:/Users/L/Desktop/实训/Project/repository/dao/init.go:18",0.6648,"-","SELECT count(*) FROM information_schema.statistics WHERE table_schema = 'wms' AND table_name = 'users' AND index_name = 'idx_users_deleted_at'"]}
{"level":"debug","ts":1720490806.923406,"caller":"logger/zap_logger.go:16","msg":"%s\n[%.3fms] [rows:%v] %s","args":["C:/Users/L/Desktop/实训/Project/repository/dao/init.go:19",0,"-","SELECT DATABASE()"]}
{"level":"debug","ts":1720490806.923406,"caller":"logger/zap_logger.go:16","msg":"%s\n[%.3fms] [rows:%v] %s","args":["C:/Users/L/Desktop/实训/Project/repository/dao/init.go:19",0,1,"SELECT SCHEMA_NAME from Information_schema.SCHEMATA where SCHEMA_NAME LIKE 'wms%' ORDER BY SCHEMA_NAME='wms' DESC,SCHEMA_NAME limit 1"]}
{"level":"debug","ts":1720490806.9241984,"caller":"logger/zap_logger.go:16","msg":"%s\n[%.3fms] [rows:%v] %s","args":["C:/Users/L/Desktop/实训/Project/repository/dao/init.go:19",0.7927,"-","SELECT count(*) FROM information_schema.tables WHERE table_schema = 'wms' AND table_name = 'warehouses' AND table_type = 'BASE TABLE'"]}
{"level":"debug","ts":1720490806.9241984,"caller":"logger/zap_logger.go:16","msg":"%s\n[%.3fms] [rows:%v] %s","args":["C:/Users/L/Desktop/实训/Project/repository/dao/init.go:19",0,"-","SELECT DATABASE()"]}
{"level":"debug","ts":1720490806.9248111,"caller":"logger/zap_logger.go:16","msg":"%s\n[%.3fms] [rows:%v] %s","args":["C:/Users/L/Desktop/实训/Project/repository/dao/init.go:19",0.6125,1,"SELECT SCHEMA_NAME from Information_schema.SCHEMATA where SCHEMA_NAME LIKE 'wms%' ORDER BY SCHEMA_NAME='wms' DESC,SCHEMA_NAME limit 1"]}
{"level":"debug","ts":1720490806.9256,"caller":"logger/zap_logger.go:16","msg":"%s\n[%.3fms] [rows:%v] %s","args":["C:/Users/L/Desktop/实训/Project/repository/dao/init.go:19",0.789,"-","SELECT * FROM `warehouses` LIMIT 1"]}
{"level":"debug","ts":1720490806.9261274,"caller":"logger/zap_logger.go:16","msg":"%s\n[%.3fms] [rows:%v] %s","args":["C:/Users/L/Desktop/实训/Project/repository/dao/init.go:19",0.5273,"-","SELECT column_name, column_default, is_nullable = 'YES', data_type, character_maximum_length, column_type, column_key, extra, column_comment, numeric_precision, numeric_scale , datetime_precision FROM information_schema.columns WHERE table_schema = 'wms' AND table_name = 'warehouses' ORDER BY ORDINAL_POSITION"]}
{"level":"debug","ts":1720490806.9261274,"caller":"logger/zap_logger.go:16","msg":"%s\n[%.3fms] [rows:%v] %s","args":["C:/Users/L/Desktop/实训/Project/repository/dao/init.go:19",0,"-","SELECT DATABASE()"]}
{"level":"debug","ts":1720490806.9267502,"caller":"logger/zap_logger.go:16","msg":"%s\n[%.3fms] [rows:%v] %s","args":["C:/Users/L/Desktop/实训/Project/repository/dao/init.go:19",0.6228,1,"SELECT SCHEMA_NAME from Information_schema.SCHEMATA where SCHEMA_NAME LIKE 'wms%' ORDER BY SCHEMA_NAME='wms' DESC,SCHEMA_NAME limit 1"]}
{"level":"debug","ts":1720490806.9273782,"caller":"logger/zap_logger.go:16","msg":"%s\n[%.3fms] [rows:%v] %s","args":["C:/Users/L/Desktop/实训/Project/repository/dao/init.go:19",0.6281,"-","SELECT count(*) FROM information_schema.statistics WHERE table_schema = 'wms' AND table_name = 'warehouses' AND index_name = 'idx_warehouses_deleted_at'"]}
{"level":"debug","ts":1720490806.9279127,"caller":"logger/zap_logger.go:16","msg":"%s\n[%.3fms] [rows:%v] %s","args":["C:/Users/L/Desktop/实训/Project/repository/dao/init.go:20",0,"-","SELECT DATABASE()"]}
{"level":"debug","ts":1720490806.9279127,"caller":"logger/zap_logger.go:16","msg":"%s\n[%.3fms] [rows:%v] %s","args":["C:/Users/L/Desktop/实训/Project/repository/dao/init.go:20",0,1,"SELECT SCHEMA_NAME from Information_schema.SCHEMATA where SCHEMA_NAME LIKE 'wms%' ORDER BY SCHEMA_NAME='wms' DESC,SCHEMA_NAME limit 1"]}
{"level":"debug","ts":1720490806.928698,"caller":"logger/zap_logger.go:16","msg":"%s\n[%.3fms] [rows:%v] %s","args":["C:/Users/L/Desktop/实训/Project/repository/dao/init.go:20",0.7855,"-","SELECT count(*) FROM information_schema.tables WHERE table_schema = 'wms' AND table_name = 'items' AND table_type = 'BASE TABLE'"]}
{"level":"debug","ts":1720490806.928698,"caller":"logger/zap_logger.go:16","msg":"%s\n[%.3fms] [rows:%v] %s","args":["C:/Users/L/Desktop/实训/Project/repository/dao/init.go:20",0,"-","SELECT DATABASE()"]}
{"level":"debug","ts":1720490806.9293811,"caller":"logger/zap_logger.go:16","msg":"%s\n[%.3fms] [rows:%v] %s","args":["C:/Users/L/Desktop/实训/Project/repository/dao/init.go:20",0.683,1,"SELECT SCHEMA_NAME from Information_schema.SCHEMATA where SCHEMA_NAME LIKE 'wms%' ORDER BY SCHEMA_NAME='wms' DESC,SCHEMA_NAME limit 1"]}
{"level":"debug","ts":1720490806.9300685,"caller":"logger/zap_logger.go:16","msg":"%s\n[%.3fms] [rows:%v] %s","args":["C:/Users/L/Desktop/实训/Project/repository/dao/init.go:20",0.6874,"-","SELECT * FROM `items` LIMIT 1"]}
{"level":"debug","ts":1720490806.931201,"caller":"logger/zap_logger.go:16","msg":"%s\n[%.3fms] [rows:%v] %s","args":["C:/Users/L/Desktop/实训/Project/repository/dao/init.go:20",1.1323,"-","SELECT column_name, column_default, is_nullable = 'YES', data_type, character_maximum_length, column_type, column_key, extra, column_comment, numeric_precision, numeric_scale , datetime_precision FROM information_schema.columns WHERE table_schema = 'wms' AND table_name = 'items' ORDER BY ORDINAL_POSITION"]}
{"level":"debug","ts":1720490806.9313138,"caller":"logger/zap_logger.go:16","msg":"%s\n[%.3fms] [rows:%v] %s","args":["C:/Users/L/Desktop/实训/Project/repository/dao/init.go:20",0.1127,"-","SELECT DATABASE()"]}
{"level":"debug","ts":1720490806.9313138,"caller":"logger/zap_logger.go:16","msg":"%s\n[%.3fms] [rows:%v] %s","args":["C:/Users/L/Desktop/实训/Project/repository/dao/init.go:20",0,1,"SELECT SCHEMA_NAME from Information_schema.SCHEMATA where SCHEMA_NAME LIKE 'wms%' ORDER BY SCHEMA_NAME='wms' DESC,SCHEMA_NAME limit 1"]}
{"level":"debug","ts":1720490806.9320116,"caller":"logger/zap_logger.go:16","msg":"%s\n[%.3fms] [rows:%v] %s","args":["C:/Users/L/Desktop/实训/Project/repository/dao/init.go:20",0.6978,"-","SELECT count(*) FROM information_schema.statistics WHERE table_schema = 'wms' AND table_name = 'items' AND index_name = 'idx_items_deleted_at'"]}
{"level":"debug","ts":1720490806.9320116,"caller":"logger/zap_logger.go:16","msg":"%s\n[%.3fms] [rows:%v] %s","args":["C:/Users/L/Desktop/实训/Project/repository/dao/init.go:21",0,"-","SELECT DATABASE()"]}
{"level":"debug","ts":1720490806.9327273,"caller":"logger/zap_logger.go:16","msg":"%s\n[%.3fms] [rows:%v] %s","args":["C:/Users/L/Desktop/实训/Project/repository/dao/init.go:21",0.5268,1,"SELECT SCHEMA_NAME from Information_schema.SCHEMATA where SCHEMA_NAME LIKE 'wms%' ORDER BY SCHEMA_NAME='wms' DESC,SCHEMA_NAME limit 1"]}
{"level":"debug","ts":1720490806.9327273,"caller":"logger/zap_logger.go:16","msg":"%s\n[%.3fms] [rows:%v] %s","args":["C:/Users/L/Desktop/实训/Project/repository/dao/init.go:21",0,"-","SELECT count(*) FROM information_schema.tables WHERE table_schema = 'wms' AND table_name = 'items' AND table_type = 'BASE TABLE'"]}
{"level":"debug","ts":1720490806.9332488,"caller":"logger/zap_logger.go:16","msg":"%s\n[%.3fms] [rows:%v] %s","args":["C:/Users/L/Desktop/实训/Project/repository/dao/init.go:21",0.5216,"-","SELECT DATABASE()"]}
{"level":"debug","ts":1720490806.9336238,"caller":"logger/zap_logger.go:16","msg":"%s\n[%.3fms] [rows:%v] %s","args":["C:/Users/L/Desktop/实训/Project/repository/dao/init.go:21",0.3749,1,"SELECT SCHEMA_NAME from Information_schema.SCHEMATA where SCHEMA_NAME LIKE 'wms%' ORDER BY SCHEMA_NAME='wms' DESC,SCHEMA_NAME limit 1"]}
{"level":"debug","ts":1720490806.9336238,"caller":"logger/zap_logger.go:16","msg":"%s\n[%.3fms] [rows:%v] %s","args":["C:/Users/L/Desktop/实训/Project/repository/dao/init.go:21",0,"-","SELECT * FROM `items` LIMIT 1"]}
{"level":"debug","ts":1720490806.9343026,"caller":"logger/zap_logger.go:16","msg":"%s\n[%.3fms] [rows:%v] %s","args":["C:/Users/L/Desktop/实训/Project/repository/dao/init.go:21",0.6788,"-","SELECT column_name, column_default, is_nullable = 'YES', data_type, character_maximum_length, column_type, column_key, extra, column_comment, numeric_precision, numeric_scale , datetime_precision FROM information_schema.columns WHERE table_schema = 'wms' AND table_name = 'items' ORDER BY ORDINAL_POSITION"]}
{"level":"debug","ts":1720490806.9343026,"caller":"logger/zap_logger.go:16","msg":"%s\n[%.3fms] [rows:%v] %s","args":["C:/Users/L/Desktop/实训/Project/repository/dao/init.go:21",0,"-","SELECT DATABASE()"]}
{"level":"debug","ts":1720490806.9348054,"caller":"logger/zap_logger.go:16","msg":"%s\n[%.3fms] [rows:%v] %s","args":["C:/Users/L/Desktop/实训/Project/repository/dao/init.go:21",0.5031,1,"SELECT SCHEMA_NAME from Information_schema.SCHEMATA where SCHEMA_NAME LIKE 'wms%' ORDER BY SCHEMA_NAME='wms' DESC,SCHEMA_NAME limit 1"]}
{"level":"debug","ts":1720490806.935576,"caller":"logger/zap_logger.go:16","msg":"%s\n[%.3fms] [rows:%v] %s","args":["C:/Users/L/Desktop/实训/Project/repository/dao/init.go:21",0.7704,"-","SELECT count(*) FROM information_schema.statistics WHERE table_schema = 'wms' AND table_name = 'items' AND index_name = 'idx_items_deleted_at'"]}
{"level":"debug","ts":1720490806.935576,"caller":"logger/zap_logger.go:16","msg":"%s\n[%.3fms] [rows:%v] %s","args":["C:/Users/L/Desktop/实训/Project/repository/dao/init.go:21",0,"-","SELECT DATABASE()"]}
{"level":"debug","ts":1720490806.9361408,"caller":"logger/zap_logger.go:16","msg":"%s\n[%.3fms] [rows:%v] %s","args":["C:/Users/L/Desktop/实训/Project/repository/dao/init.go:21",0.5648,1,"SELECT SCHEMA_NAME from Information_schema.SCHEMATA where SCHEMA_NAME LIKE 'wms%' ORDER BY SCHEMA_NAME='wms' DESC,SCHEMA_NAME limit 1"]}
{"level":"debug","ts":1720490806.9372873,"caller":"logger/zap_logger.go:16","msg":"%s\n[%.3fms] [rows:%v] %s","args":["C:/Users/L/Desktop/实训/Project/repository/dao/init.go:21",1.1466,"-","SELECT count(*) FROM information_schema.tables WHERE table_schema = 'wms' AND table_name = 'warehouses' AND table_type = 'BASE TABLE'"]}
{"level":"debug","ts":1720490806.9377613,"caller":"logger/zap_logger.go:16","msg":"%s\n[%.3fms] [rows:%v] %s","args":["C:/Users/L/Desktop/实训/Project/repository/dao/init.go:21",0.4739,"-","SELECT DATABASE()"]}
{"level":"debug","ts":1720490806.9378643,"caller":"logger/zap_logger.go:16","msg":"%s\n[%.3fms] [rows:%v] %s","args":["C:/Users/L/Desktop/实训/Project/repository/dao/init.go:21",0.1029,1,"SELECT SCHEMA_NAME from Information_schema.SCHEMATA where SCHEMA_NAME LIKE 'wms%' ORDER BY SCHEMA_NAME='wms' DESC,SCHEMA_NAME limit 1"]}
{"level":"debug","ts":1720490806.938367,"caller":"logger/zap_logger.go:16","msg":"%s\n[%.3fms] [rows:%v] %s","args":["C:/Users/L/Desktop/实训/Project/repository/dao/init.go:21",0.5029,"-","SELECT * FROM `warehouses` LIMIT 1"]}
{"level":"debug","ts":1720490806.9389513,"caller":"logger/zap_logger.go:16","msg":"%s\n[%.3fms] [rows:%v] %s","args":["C:/Users/L/Desktop/实训/Project/repository/dao/init.go:21",0.5265,"-","SELECT column_name, column_default, is_nullable = 'YES', data_type, character_maximum_length, column_type, column_key, extra, column_comment, numeric_precision, numeric_scale , datetime_precision FROM information_schema.columns WHERE table_schema = 'wms' AND table_name = 'warehouses' ORDER BY ORDINAL_POSITION"]}
{"level":"debug","ts":1720490806.9389513,"caller":"logger/zap_logger.go:16","msg":"%s\n[%.3fms] [rows:%v] %s","args":["C:/Users/L/Desktop/实训/Project/repository/dao/init.go:21",0,"-","SELECT DATABASE()"]}
{"level":"debug","ts":1720490806.9389513,"caller":"logger/zap_logger.go:16","msg":"%s\n[%.3fms] [rows:%v] %s","args":["C:/Users/L/Desktop/实训/Project/repository/dao/init.go:21",0,1,"SELECT SCHEMA_NAME from Information_schema.SCHEMATA where SCHEMA_NAME LIKE 'wms%' ORDER BY SCHEMA_NAME='wms' DESC,SCHEMA_NAME limit 1"]}
{"level":"debug","ts":1720490806.939716,"caller":"logger/zap_logger.go:16","msg":"%s\n[%.3fms] [rows:%v] %s","args":["C:/Users/L/Desktop/实训/Project/repository/dao/init.go:21",0.765,"-","SELECT count(*) FROM information_schema.statistics WHERE table_schema = 'wms' AND table_name = 'warehouses' AND index_name = 'idx_warehouses_deleted_at'"]}
{"level":"debug","ts":1720490806.939716,"caller":"logger/zap_logger.go:16","msg":"%s\n[%.3fms] [rows:%v] %s","args":["C:/Users/L/Desktop/实训/Project/repository/dao/init.go:21",0,"-","SELECT DATABASE()"]}
{"level":"debug","ts":1720490806.9402187,"caller":"logger/zap_logger.go:16","msg":"%s\n[%.3fms] [rows:%v] %s","args":["C:/Users/L/Desktop/实训/Project/repository/dao/init.go:21",0.5026,1,"SELECT SCHEMA_NAME from Information_schema.SCHEMATA where SCHEMA_NAME LIKE 'wms%' ORDER BY SCHEMA_NAME='wms' DESC,SCHEMA_NAME limit 1"]}
{"level":"debug","ts":1720490806.9408002,"caller":"logger/zap_logger.go:16","msg":"%s\n[%.3fms] [rows:%v] %s","args":["C:/Users/L/Desktop/实训/Project/repository/dao/init.go:21",0.5816,"-","SELECT count(*) FROM information_schema.tables WHERE table_schema = 'wms' AND table_name = 'inventories' AND table_type = 'BASE TABLE'"]}
{"level":"debug","ts":1720490806.9409368,"caller":"logger/zap_logger.go:16","msg":"%s\n[%.3fms] [rows:%v] %s","args":["C:/Users/L/Desktop/实训/Project/repository/dao/init.go:21",0,"-","SELECT DATABASE()"]}
{"level":"debug","ts":1720490806.9409368,"caller":"logger/zap_logger.go:16","msg":"%s\n[%.3fms] [rows:%v] %s","args":["C:/Users/L/Desktop/实训/Project/repository/dao/init.go:21",0,1,"SELECT SCHEMA_NAME from Information_schema.SCHEMATA where SCHEMA_NAME LIKE 'wms%' ORDER BY SCHEMA_NAME='wms' DESC,SCHEMA_NAME limit 1"]}
{"level":"debug","ts":1720490806.9419167,"caller":"logger/zap_logger.go:16","msg":"%s\n[%.3fms] [rows:%v] %s","args":["C:/Users/L/Desktop/实训/Project/repository/dao/init.go:21",0.98,"-","SELECT * FROM `inventories` LIMIT 1"]}
{"level":"debug","ts":1720490806.942691,"caller":"logger/zap_logger.go:16","msg":"%s\n[%.3fms] [rows:%v] %s","args":["C:/Users/L/Desktop/实训/Project/repository/dao/init.go:21",0.5057,"-","SELECT column_name, column_default, is_nullable = 'YES', data_type, character_maximum_length, column_type, column_key, extra, column_comment, numeric_precision, numeric_scale , datetime_precision FROM information_schema.columns WHERE table_schema = 'wms' AND table_name = 'inventories' ORDER BY ORDINAL_POSITION"]}
{"level":"debug","ts":1720490806.9429772,"caller":"logger/zap_logger.go:16","msg":"%s\n[%.3fms] [rows:%v] %s","args":["C:/Users/L/Desktop/实训/Project/repository/dao/init.go:21",0,"-","SELECT DATABASE()"]}
{"level":"debug","ts":1720490806.9429772,"caller":"logger/zap_logger.go:16","msg":"%s\n[%.3fms] [rows:%v] %s","args":["C:/Users/L/Desktop/实训/Project/repository/dao/init.go:21",0,1,"SELECT SCHEMA_NAME from Information_schema.SCHEMATA where SCHEMA_NAME LIKE 'wms%' ORDER BY SCHEMA_NAME='wms' DESC,SCHEMA_NAME limit 1"]}
{"level":"debug","ts":1720490806.9443405,"caller":"logger/zap_logger.go:16","msg":"%s\n[%.3fms] [rows:%v] %s","args":["C:/Users/L/Desktop/实训/Project/repository/dao/init.go:21",0.8596,"-","SELECT count(*) FROM INFORMATION_SCHEMA.table_constraints WHERE constraint_schema = 'wms' AND table_name = 'inventories' AND constraint_name = 'fk_inventories_warehouse'"]}
{"level":"debug","ts":1720490806.9448447,"caller":"logger/zap_logger.go:16","msg":"%s\n[%.3fms] [rows:%v] %s","args":["C:/Users/L/Desktop/实训/Project/repository/dao/init.go:21",0,"-","SELECT DATABASE()"]}
{"level":"debug","ts":1720490806.9453628,"caller":"logger/zap_logger.go:16","msg":"%s\n[%.3fms] [rows:%v] %s","args":["C:/Users/L/Desktop/实训/Project/repository/dao/init.go:21",0.518,1,"SELECT SCHEMA_NAME from Information_schema.SCHEMATA where SCHEMA_NAME LIKE 'wms%' ORDER BY SCHEMA_NAME='wms' DESC,SCHEMA_NAME limit 1"]}
{"level":"debug","ts":1720490806.945882,"caller":"logger/zap_logger.go:16","msg":"%s\n[%.3fms] [rows:%v] %s","args":["C:/Users/L/Desktop/实训/Project/repository/dao/init.go:21",0.5192,"-","SELECT count(*) FROM INFORMATION_SCHEMA.table_constraints WHERE constraint_schema = 'wms' AND table_name = 'inventories' AND constraint_name = 'fk_inventories_item'"]}
{"level":"debug","ts":1720490806.945882,"caller":"logger/zap_logger.go:16","msg":"%s\n[%.3fms] [rows:%v] %s","args":["C:/Users/L/Desktop/实训/Project/repository/dao/init.go:21",0,"-","SELECT DATABASE()"]}
{"level":"debug","ts":1720490806.9466186,"caller":"logger/zap_logger.go:16","msg":"%s\n[%.3fms] [rows:%v] %s","args":["C:/Users/L/Desktop/实训/Project/repository/dao/init.go:21",0.7365,1,"SELECT SCHEMA_NAME from Information_schema.SCHEMATA where SCHEMA_NAME LIKE 'wms%' ORDER BY SCHEMA_NAME='wms' DESC,SCHEMA_NAME limit 1"]}
{"level":"debug","ts":1720490806.947139,"caller":"logger/zap_logger.go:16","msg":"%s\n[%.3fms] [rows:%v] %s","args":["C:/Users/L/Desktop/实训/Project/repository/dao/init.go:21",0.5205,"-","SELECT count(*) FROM information_schema.statistics WHERE table_schema = 'wms' AND table_name = 'inventories' AND index_name = 'idx_inventories_deleted_at'"]}
{"level":"debug","ts":1720490806.947139,"caller":"logger/zap_logger.go:16","msg":"%s\n[%.3fms] [rows:%v] %s","args":["C:/Users/L/Desktop/实训/Project/repository/dao/init.go:22",0,"-","SELECT DATABASE()"]}
{"level":"debug","ts":1720490806.947791,"caller":"logger/zap_logger.go:16","msg":"%s\n[%.3fms] [rows:%v] %s","args":["C:/Users/L/Desktop/实训/Project/repository/dao/init.go:22",0.6521,1,"SELECT SCHEMA_NAME from Information_schema.SCHEMATA where SCHEMA_NAME LIKE 'wms%' ORDER BY SCHEMA_NAME='wms' DESC,SCHEMA_NAME limit 1"]}
{"level":"debug","ts":1720490806.9482944,"caller":"logger/zap_logger.go:16","msg":"%s\n[%.3fms] [rows:%v] %s","args":["C:/Users/L/Desktop/实训/Project/repository/dao/init.go:22",0.5033,"-","SELECT count(*) FROM information_schema.tables WHERE table_schema = 'wms' AND table_name = 'items' AND table_type = 'BASE TABLE'"]}
{"level":"debug","ts":1720490806.94835,"caller":"logger/zap_logger.go:16","msg":"%s\n[%.3fms] [rows:%v] %s","args":["C:/Users/L/Desktop/实训/Project/repository/dao/init.go:22",0,"-","SELECT DATABASE()"]}
{"level":"debug","ts":1720490806.94835,"caller":"logger/zap_logger.go:16","msg":"%s\n[%.3fms] [rows:%v] %s","args":["C:/Users/L/Desktop/实训/Project/repository/dao/init.go:22",0,1,"SELECT SCHEMA_NAME from Information_schema.SCHEMATA where SCHEMA_NAME LIKE 'wms%' ORDER BY SCHEMA_NAME='wms' DESC,SCHEMA_NAME limit 1"]}
{"level":"debug","ts":1720490806.9488525,"caller":"logger/zap_logger.go:16","msg":"%s\n[%.3fms] [rows:%v] %s","args":["C:/Users/L/Desktop/实训/Project/repository/dao/init.go:22",0.5026,"-","SELECT * FROM `items` LIMIT 1"]}
{"level":"debug","ts":1720490806.9494355,"caller":"logger/zap_logger.go:16","msg":"%s\n[%.3fms] [rows:%v] %s","args":["C:/Users/L/Desktop/实训/Project/repository/dao/init.go:22",0.5232,"-","SELECT column_name, column_default, is_nullable = 'YES', data_type, character_maximum_length, column_type, column_key, extra, column_comment, numeric_precision, numeric_scale , datetime_precision FROM information_schema.columns WHERE table_schema = 'wms' AND table_name = 'items' ORDER BY ORDINAL_POSITION"]}
{"level":"debug","ts":1720490806.9496157,"caller":"logger/zap_logger.go:16","msg":"%s\n[%.3fms] [rows:%v] %s","args":["C:/Users/L/Desktop/实训/Project/repository/dao/init.go:22",0,"-","SELECT DATABASE()"]}
{"level":"debug","ts":1720490806.9501183,"caller":"logger/zap_logger.go:16","msg":"%s\n[%.3fms] [rows:%v] %s","args":["C:/Users/L/Desktop/实训/Project/repository/dao/init.go:22",0.5029,1,"SELECT SCHEMA_NAME from Information_schema.SCHEMATA where SCHEMA_NAME LIKE 'wms%' ORDER BY SCHEMA_NAME='wms' DESC,SCHEMA_NAME limit 1"]}
{"level":"debug","ts":1720490806.950665,"caller":"logger/zap_logger.go:16","msg":"%s\n[%.3fms] [rows:%v] %s","args":["C:/Users/L/Desktop/实训/Project/repository/dao/init.go:22",0.5465,"-","SELECT count(*) FROM information_schema.statistics WHERE table_schema = 'wms' AND table_name = 'items' AND index_name = 'idx_items_deleted_at'"]}
{"level":"debug","ts":1720490806.950917,"caller":"logger/zap_logger.go:16","msg":"%s\n[%.3fms] [rows:%v] %s","args":["C:/Users/L/Desktop/实训/Project/repository/dao/init.go:22",0,"-","SELECT DATABASE()"]}
{"level":"debug","ts":1720490806.950917,"caller":"logger/zap_logger.go:16","msg":"%s\n[%.3fms] [rows:%v] %s","args":["C:/Users/L/Desktop/实训/Project/repository/dao/init.go:22",0,1,"SELECT SCHEMA_NAME from Information_schema.SCHEMATA where SCHEMA_NAME LIKE 'wms%' ORDER BY SCHEMA_NAME='wms' DESC,SCHEMA_NAME limit 1"]}
{"level":"debug","ts":1720490806.9517348,"caller":"logger/zap_logger.go:16","msg":"%s\n[%.3fms] [rows:%v] %s","args":["C:/Users/L/Desktop/实训/Project/repository/dao/init.go:22",0.2944,"-","SELECT count(*) FROM information_schema.tables WHERE table_schema = 'wms' AND table_name = 'warehouses' AND table_type = 'BASE TABLE'"]}
{"level":"debug","ts":1720490806.9517348,"caller":"logger/zap_logger.go:16","msg":"%s\n[%.3fms] [rows:%v] %s","args":["C:/Users/L/Desktop/实训/Project/repository/dao/init.go:22",0,"-","SELECT DATABASE()"]}
{"level":"debug","ts":1720490806.9523563,"caller":"logger/zap_logger.go:16","msg":"%s\n[%.3fms] [rows:%v] %s","args":["C:/Users/L/Desktop/实训/Project/repository/dao/init.go:22",0.6215,1,"SELECT SCHEMA_NAME from Information_schema.SCHEMATA where SCHEMA_NAME LIKE 'wms%' ORDER BY SCHEMA_NAME='wms' DESC,SCHEMA_NAME limit 1"]}
{"level":"debug","ts":1720490806.9523563,"caller":"logger/zap_logger.go:16","msg":"%s\n[%.3fms] [rows:%v] %s","args":["C:/Users/L/Desktop/实训/Project/repository/dao/init.go:22",0,"-","SELECT * FROM `warehouses` LIMIT 1"]}
{"level":"debug","ts":1720490806.9528782,"caller":"logger/zap_logger.go:16","msg":"%s\n[%.3fms] [rows:%v] %s","args":["C:/Users/L/Desktop/实训/Project/repository/dao/init.go:22",0.522,"-","SELECT column_name, column_default, is_nullable = 'YES', data_type, character_maximum_length, column_type, column_key, extra, column_comment, numeric_precision, numeric_scale , datetime_precision FROM information_schema.columns WHERE table_schema = 'wms' AND table_name = 'warehouses' ORDER BY ORDINAL_POSITION"]}
{"level":"debug","ts":1720490806.9530756,"caller":"logger/zap_logger.go:16","msg":"%s\n[%.3fms] [rows:%v] %s","args":["C:/Users/L/Desktop/实训/Project/repository/dao/init.go:22",0,"-","SELECT DATABASE()"]}
{"level":"debug","ts":1720490806.9530756,"caller":"logger/zap_logger.go:16","msg":"%s\n[%.3fms] [rows:%v] %s","args":["C:/Users/L/Desktop/实训/Project/repository/dao/init.go:22",0,1,"SELECT SCHEMA_NAME from Information_schema.SCHEMATA where SCHEMA_NAME LIKE 'wms%' ORDER BY SCHEMA_NAME='wms' DESC,SCHEMA_NAME limit 1"]}
{"level":"debug","ts":1720490806.9535995,"caller":"logger/zap_logger.go:16","msg":"%s\n[%.3fms] [rows:%v] %s","args":["C:/Users/L/Desktop/实训/Project/repository/dao/init.go:22",0.5236,"-","SELECT count(*) FROM information_schema.statistics WHERE table_schema = 'wms' AND table_name = 'warehouses' AND index_name = 'idx_warehouses_deleted_at'"]}
{"level":"debug","ts":1720490806.953896,"caller":"logger/zap_logger.go:16","msg":"%s\n[%.3fms] [rows:%v] %s","args":["C:/Users/L/Desktop/实训/Project/repository/dao/init.go:22",0,"-","SELECT DATABASE()"]}
{"level":"debug","ts":1720490806.953896,"caller":"logger/zap_logger.go:16","msg":"%s\n[%.3fms] [rows:%v] %s","args":["C:/Users/L/Desktop/实训/Project/repository/dao/init.go:22",0,1,"SELECT SCHEMA_NAME from Information_schema.SCHEMATA where SCHEMA_NAME LIKE 'wms%' ORDER BY SCHEMA_NAME='wms' DESC,SCHEMA_NAME limit 1"]}
{"level":"debug","ts":1720490806.954493,"caller":"logger/zap_logger.go:16","msg":"%s\n[%.3fms] [rows:%v] %s","args":["C:/Users/L/Desktop/实训/Project/repository/dao/init.go:22",0.5971,"-","SELECT count(*) FROM information_schema.tables WHERE table_schema = 'wms' AND table_name = 'inbound_records' AND table_type = 'BASE TABLE'"]}
{"level":"debug","ts":1720490806.954493,"caller":"logger/zap_logger.go:16","msg":"%s\n[%.3fms] [rows:%v] %s","args":["C:/Users/L/Desktop/实训/Project/repository/dao/init.go:22",0,"-","SELECT DATABASE()"]}
{"level":"debug","ts":1720490806.954996,"caller":"logger/zap_logger.go:16","msg":"%s\n[%.3fms] [rows:%v] %s","args":["C:/Users/L/Desktop/实训/Project/repository/dao/init.go:22",0.5032,1,"SELECT SCHEMA_NAME from Information_schema.SCHEMATA where SCHEMA_NAME LIKE 'wms%' ORDER BY SCHEMA_NAME='wms' DESC,SCHEMA_NAME limit 1"]}
{"level":"debug","ts":1720490806.9558818,"caller":"logger/zap_logger.go:16","msg":"%s\n[%.3fms] [rows:%v] %s","args":["C:/Users/L/Desktop/实训/Project/repository/dao/init.go:22",0.8856,"-","SELECT * FROM `inbound_records` LIMIT 1"]}
{"level":"debug","ts":1720490806.9563851,"caller":"logger/zap_logger.go:16","msg":"%s\n[%.3fms] [rows:%v] %s","args":["C:/Users/L/Desktop/实训/Project/repository/dao/init.go:22",0.5032,"-","SELECT column_name, column_default, is_nullable = 'YES', data_type, character_maximum_length, column_type, column_key, extra, column_comment, numeric_precision, numeric_scale , datetime_precision FROM information_schema.columns WHERE table_schema = 'wms' AND table_name = 'inbound_records' ORDER BY ORDINAL_POSITION"]}
{"level":"debug","ts":1720490806.9567292,"caller":"logger/zap_logger.go:16","msg":"%s\n[%.3fms] [rows:%v] %s","args":["C:/Users/L/Desktop/实训/Project/repository/dao/init.go:22",0,"-","SELECT DATABASE()"]}
{"level":"debug","ts":1720490806.9572322,"caller":"logger/zap_logger.go:16","msg":"%s\n[%.3fms] [rows:%v] %s","args":["C:/Users/L/Desktop/实训/Project/repository/dao/init.go:22",0.5028,1,"SELECT SCHEMA_NAME from Information_schema.SCHEMATA where SCHEMA_NAME LIKE 'wms%' ORDER BY SCHEMA_NAME='wms' DESC,SCHEMA_NAME limit 1"]}
{"level":"debug","ts":1720490806.9577775,"caller":"logger/zap_logger.go:16","msg":"%s\n[%.3fms] [rows:%v] %s","args":["C:/Users/L/Desktop/实训/Project/repository/dao/init.go:22",0,"-","SELECT count(*) FROM INFORMATION_SCHEMA.table_constraints WHERE constraint_schema = 'wms' AND table_name = 'inbound_records' AND constraint_name = 'fk_inbound_records_item'"]}
{"level":"debug","ts":1720490806.9578679,"caller":"logger/zap_logger.go:16","msg":"%s\n[%.3fms] [rows:%v] %s","args":["C:/Users/L/Desktop/实训/Project/repository/dao/init.go:22",0.0903,"-","SELECT DATABASE()"]}
{"level":"debug","ts":1720490806.9578679,"caller":"logger/zap_logger.go:16","msg":"%s\n[%.3fms] [rows:%v] %s","args":["C:/Users/L/Desktop/实训/Project/repository/dao/init.go:22",0,1,"SELECT SCHEMA_NAME from Information_schema.SCHEMATA where SCHEMA_NAME LIKE 'wms%' ORDER BY SCHEMA_NAME='wms' DESC,SCHEMA_NAME limit 1"]}
{"level":"debug","ts":1720490806.9585779,"caller":"logger/zap_logger.go:16","msg":"%s\n[%.3fms] [rows:%v] %s","args":["C:/Users/L/Desktop/实训/Project/repository/dao/init.go:22",0.7101,"-","SELECT count(*) FROM INFORMATION_SCHEMA.table_constraints WHERE constraint_schema = 'wms' AND table_name = 'inbound_records' AND constraint_name = 'fk_inbound_records_warehouse'"]}
{"level":"debug","ts":1720490806.9585779,"caller":"logger/zap_logger.go:16","msg":"%s\n[%.3fms] [rows:%v] %s","args":["C:/Users/L/Desktop/实训/Project/repository/dao/init.go:22",0,"-","SELECT DATABASE()"]}
{"level":"debug","ts":1720490806.9592154,"caller":"logger/zap_logger.go:16","msg":"%s\n[%.3fms] [rows:%v] %s","args":["C:/Users/L/Desktop/实训/Project/repository/dao/init.go:22",0.6376,1,"SELECT SCHEMA_NAME from Information_schema.SCHEMATA where SCHEMA_NAME LIKE 'wms%' ORDER BY SCHEMA_NAME='wms' DESC,SCHEMA_NAME limit 1"]}
{"level":"debug","ts":1720490806.9592154,"caller":"logger/zap_logger.go:16","msg":"%s\n[%.3fms] [rows:%v] %s","args":["C:/Users/L/Desktop/实训/Project/repository/dao/init.go:22",0,"-","SELECT count(*) FROM information_schema.statistics WHERE table_schema = 'wms' AND table_name = 'inbound_records' AND index_name = 'idx_inbound_records_deleted_at'"]}
{"level":"debug","ts":1720490806.9597373,"caller":"logger/zap_logger.go:16","msg":"%s\n[%.3fms] [rows:%v] %s","args":["C:/Users/L/Desktop/实训/Project/repository/dao/init.go:23",0,"-","SELECT DATABASE()"]}
{"level":"debug","ts":1720490806.9602976,"caller":"logger/zap_logger.go:16","msg":"%s\n[%.3fms] [rows:%v] %s","args":["C:/Users/L/Desktop/实训/Project/repository/dao/init.go:23",0.5602,1,"SELECT SCHEMA_NAME from Information_schema.SCHEMATA where SCHEMA_NAME LIKE 'wms%' ORDER BY SCHEMA_NAME='wms' DESC,SCHEMA_NAME limit 1"]}
{"level":"debug","ts":1720490806.9602976,"caller":"logger/zap_logger.go:16","msg":"%s\n[%.3fms] [rows:%v] %s","args":["C:/Users/L/Desktop/实训/Project/repository/dao/init.go:23",0,"-","SELECT count(*) FROM information_schema.tables WHERE table_schema = 'wms' AND table_name = 'items' AND table_type = 'BASE TABLE'"]}
{"level":"debug","ts":1720490806.9608655,"caller":"logger/zap_logger.go:16","msg":"%s\n[%.3fms] [rows:%v] %s","args":["C:/Users/L/Desktop/实训/Project/repository/dao/init.go:23",0.568,"-","SELECT DATABASE()"]}
{"level":"debug","ts":1720490806.9609833,"caller":"logger/zap_logger.go:16","msg":"%s\n[%.3fms] [rows:%v] %s","args":["C:/Users/L/Desktop/实训/Project/repository/dao/init.go:23",0,1,"SELECT SCHEMA_NAME from Information_schema.SCHEMATA where SCHEMA_NAME LIKE 'wms%' ORDER BY SCHEMA_NAME='wms' DESC,SCHEMA_NAME limit 1"]}
{"level":"debug","ts":1720490806.9609833,"caller":"logger/zap_logger.go:16","msg":"%s\n[%.3fms] [rows:%v] %s","args":["C:/Users/L/Desktop/实训/Project/repository/dao/init.go:23",0,"-","SELECT * FROM `items` LIMIT 1"]}
{"level":"debug","ts":1720490806.9616928,"caller":"logger/zap_logger.go:16","msg":"%s\n[%.3fms] [rows:%v] %s","args":["C:/Users/L/Desktop/实训/Project/repository/dao/init.go:23",0.7096,"-","SELECT column_name, column_default, is_nullable = 'YES', data_type, character_maximum_length, column_type, column_key, extra, column_comment, numeric_precision, numeric_scale , datetime_precision FROM information_schema.columns WHERE table_schema = 'wms' AND table_name = 'items' ORDER BY ORDINAL_POSITION"]}
{"level":"debug","ts":1720490806.9621975,"caller":"logger/zap_logger.go:16","msg":"%s\n[%.3fms] [rows:%v] %s","args":["C:/Users/L/Desktop/实训/Project/repository/dao/init.go:23",0,"-","SELECT DATABASE()"]}
{"level":"debug","ts":1720490806.9628892,"caller":"logger/zap_logger.go:16","msg":"%s\n[%.3fms] [rows:%v] %s","args":["C:/Users/L/Desktop/实训/Project/repository/dao/init.go:23",0.5241,1,"SELECT SCHEMA_NAME from Information_schema.SCHEMATA where SCHEMA_NAME LIKE 'wms%' ORDER BY SCHEMA_NAME='wms' DESC,SCHEMA_NAME limit 1"]}
{"level":"debug","ts":1720490806.963393,"caller":"logger/zap_logger.go:16","msg":"%s\n[%.3fms] [rows:%v] %s","args":["C:/Users/L/Desktop/实训/Project/repository/dao/init.go:23",0.5039,"-","SELECT count(*) FROM information_schema.statistics WHERE table_schema = 'wms' AND table_name = 'items' AND index_name = 'idx_items_deleted_at'"]}
{"level":"debug","ts":1720490806.9635696,"caller":"logger/zap_logger.go:16","msg":"%s\n[%.3fms] [rows:%v] %s","args":["C:/Users/L/Desktop/实训/Project/repository/dao/init.go:23",0,"-","SELECT DATABASE()"]}
{"level":"debug","ts":1720490806.9640727,"caller":"logger/zap_logger.go:16","msg":"%s\n[%.3fms] [rows:%v] %s","args":["C:/Users/L/Desktop/实训/Project/repository/dao/init.go:23",0.5032,1,"SELECT SCHEMA_NAME from Information_schema.SCHEMATA where SCHEMA_NAME LIKE 'wms%' ORDER BY SCHEMA_NAME='wms' DESC,SCHEMA_NAME limit 1"]}
{"level":"debug","ts":1720490806.9645967,"caller":"logger/zap_logger.go:16","msg":"%s\n[%.3fms] [rows:%v] %s","args":["C:/Users/L/Desktop/实训/Project/repository/dao/init.go:23",0.524,"-","SELECT count(*) FROM information_schema.tables WHERE table_schema = 'wms' AND table_name = 'warehouses' AND table_type = 'BASE TABLE'"]}
{"level":"debug","ts":1720490806.9651346,"caller":"logger/zap_logger.go:16","msg":"%s\n[%.3fms] [rows:%v] %s","args":["C:/Users/L/Desktop/实训/Project/repository/dao/init.go:23",0,"-","SELECT DATABASE()"]}
{"level":"debug","ts":1720490806.9652538,"caller":"logger/zap_logger.go:16","msg":"%s\n[%.3fms] [rows:%v] %s","args":["C:/Users/L/Desktop/实训/Project/repository/dao/init.go:23",0.1192,1,"SELECT SCHEMA_NAME from Information_schema.SCHEMATA where SCHEMA_NAME LIKE 'wms%' ORDER BY SCHEMA_NAME='wms' DESC,SCHEMA_NAME limit 1"]}
{"level":"debug","ts":1720490806.9652538,"caller":"logger/zap_logger.go:16","msg":"%s\n[%.3fms] [rows:%v] %s","args":["C:/Users/L/Desktop/实训/Project/repository/dao/init.go:23",0,"-","SELECT * FROM `warehouses` LIMIT 1"]}
{"level":"debug","ts":1720490806.9661195,"caller":"logger/zap_logger.go:16","msg":"%s\n[%.3fms] [rows:%v] %s","args":["C:/Users/L/Desktop/实训/Project/repository/dao/init.go:23",0.8655,"-","SELECT column_name, column_default, is_nullable = 'YES', data_type, character_maximum_length, column_type, column_key, extra, column_comment, numeric_precision, numeric_scale , datetime_precision FROM information_schema.columns WHERE table_schema = 'wms' AND table_name = 'warehouses' ORDER BY ORDINAL_POSITION"]}
{"level":"debug","ts":1720490806.9661195,"caller":"logger/zap_logger.go:16","msg":"%s\n[%.3fms] [rows:%v] %s","args":["C:/Users/L/Desktop/实训/Project/repository/dao/init.go:23",0,"-","SELECT DATABASE()"]}
{"level":"debug","ts":1720490806.9669082,"caller":"logger/zap_logger.go:16","msg":"%s\n[%.3fms] [rows:%v] %s","args":["C:/Users/L/Desktop/实训/Project/repository/dao/init.go:23",0.7889,1,"SELECT SCHEMA_NAME from Information_schema.SCHEMATA where SCHEMA_NAME LIKE 'wms%' ORDER BY SCHEMA_NAME='wms' DESC,SCHEMA_NAME limit 1"]}
{"level":"debug","ts":1720490806.9674318,"caller":"logger/zap_logger.go:16","msg":"%s\n[%.3fms] [rows:%v] %s","args":["C:/Users/L/Desktop/实训/Project/repository/dao/init.go:23",0.5236,"-","SELECT count(*) FROM information_schema.statistics WHERE table_schema = 'wms' AND table_name = 'warehouses' AND index_name = 'idx_warehouses_deleted_at'"]}
{"level":"debug","ts":1720490806.9674318,"caller":"logger/zap_logger.go:16","msg":"%s\n[%.3fms] [rows:%v] %s","args":["C:/Users/L/Desktop/实训/Project/repository/dao/init.go:23",0,"-","SELECT DATABASE()"]}
{"level":"debug","ts":1720490806.9674318,"caller":"logger/zap_logger.go:16","msg":"%s\n[%.3fms] [rows:%v] %s","args":["C:/Users/L/Desktop/实训/Project/repository/dao/init.go:23",0,1,"SELECT SCHEMA_NAME from Information_schema.SCHEMATA where SCHEMA_NAME LIKE 'wms%' ORDER BY SCHEMA_NAME='wms' DESC,SCHEMA_NAME limit 1"]}
{"level":"debug","ts":1720490806.967992,"caller":"logger/zap_logger.go:16","msg":"%s\n[%.3fms] [rows:%v] %s","args":["C:/Users/L/Desktop/实训/Project/repository/dao/init.go:23",0,"-","SELECT count(*) FROM information_schema.tables WHERE table_schema = 'wms' AND table_name = 'outbound_records' AND table_type = 'BASE TABLE'"]}
{"level":"debug","ts":1720490806.967992,"caller":"logger/zap_logger.go:16","msg":"%s\n[%.3fms] [rows:%v] %s","args":["C:/Users/L/Desktop/实训/Project/repository/dao/init.go:23",0,"-","SELECT DATABASE()"]}
{"level":"debug","ts":1720490806.9687748,"caller":"logger/zap_logger.go:16","msg":"%s\n[%.3fms] [rows:%v] %s","args":["C:/Users/L/Desktop/实训/Project/repository/dao/init.go:23",0.2192,1,"SELECT SCHEMA_NAME from Information_schema.SCHEMATA where SCHEMA_NAME LIKE 'wms%' ORDER BY SCHEMA_NAME='wms' DESC,SCHEMA_NAME limit 1"]}
{"level":"debug","ts":1720490806.9694054,"caller":"logger/zap_logger.go:16","msg":"%s\n[%.3fms] [rows:%v] %s","args":["C:/Users/L/Desktop/实训/Project/repository/dao/init.go:23",0.6307,"-","SELECT * FROM `outbound_records` LIMIT 1"]}
{"level":"debug","ts":1720490806.9699082,"caller":"logger/zap_logger.go:16","msg":"%s\n[%.3fms] [rows:%v] %s","args":["C:/Users/L/Desktop/实训/Project/repository/dao/init.go:23",0.5028,"-","SELECT column_name, column_default, is_nullable = 'YES', data_type, character_maximum_length, column_type, column_key, extra, column_comment, numeric_precision, numeric_scale , datetime_precision FROM information_schema.columns WHERE table_schema = 'wms' AND table_name = 'outbound_records' ORDER BY ORDINAL_POSITION"]}
{"level":"debug","ts":1720490806.9702668,"caller":"logger/zap_logger.go:16","msg":"%s\n[%.3fms] [rows:%v] %s","args":["C:/Users/L/Desktop/实训/Project/repository/dao/init.go:23",0,"-","SELECT DATABASE()"]}
{"level":"debug","ts":1720490806.9708958,"caller":"logger/zap_logger.go:16","msg":"%s\n[%.3fms] [rows:%v] %s","args":["C:/Users/L/Desktop/实训/Project/repository/dao/init.go:23",0.629,1,"SELECT SCHEMA_NAME from Information_schema.SCHEMATA where SCHEMA_NAME LIKE 'wms%' ORDER BY SCHEMA_NAME='wms' DESC,SCHEMA_NAME limit 1"]}
{"level":"debug","ts":1720490806.971424,"caller":"logger/zap_logger.go:16","msg":"%s\n[%.3fms] [rows:%v] %s","args":["C:/Users/L/Desktop/实训/Project/repository/dao/init.go:23",0.528,"-","SELECT count(*) FROM INFORMATION_SCHEMA.table_constraints WHERE constraint_schema = 'wms' AND table_name = 'outbound_records' AND constraint_name = 'fk_outbound_records_item'"]}
{"level":"debug","ts":1720490806.9714909,"caller":"logger/zap_logger.go:16","msg":"%s\n[%.3fms] [rows:%v] %s","args":["C:/Users/L/Desktop/实训/Project/repository/dao/init.go:23",0.0668,"-","SELECT DATABASE()"]}
{"level":"debug","ts":1720490806.9714909,"caller":"logger/zap_logger.go:16","msg":"%s\n[%.3fms] [rows:%v] %s","args":["C:/Users/L/Desktop/实训/Project/repository/dao/init.go:23",0,1,"SELECT SCHEMA_NAME from Information_schema.SCHEMATA where SCHEMA_NAME LIKE 'wms%' ORDER BY SCHEMA_NAME='wms' DESC,SCHEMA_NAME limit 1"]}
{"level":"debug","ts":1720490806.9721231,"caller":"logger/zap_logger.go:16","msg":"%s\n[%.3fms] [rows:%v] %s","args":["C:/Users/L/Desktop/实训/Project/repository/dao/init.go:23",0.6324,"-","SELECT count(*) FROM INFORMATION_SCHEMA.table_constraints WHERE constraint_schema = 'wms' AND table_name = 'outbound_records' AND constraint_name = 'fk_outbound_records_warehouse'"]}
{"level":"debug","ts":1720490806.9721231,"caller":"logger/zap_logger.go:16","msg":"%s\n[%.3fms] [rows:%v] %s","args":["C:/Users/L/Desktop/实训/Project/repository/dao/init.go:23",0,"-","SELECT DATABASE()"]}
{"level":"debug","ts":1720490806.9726262,"caller":"logger/zap_logger.go:16","msg":"%s\n[%.3fms] [rows:%v] %s","args":["C:/Users/L/Desktop/实训/Project/repository/dao/init.go:23",0.5029,1,"SELECT SCHEMA_NAME from Information_schema.SCHEMATA where SCHEMA_NAME LIKE 'wms%' ORDER BY SCHEMA_NAME='wms' DESC,SCHEMA_NAME limit 1"]}
{"level":"debug","ts":1720490806.973172,"caller":"logger/zap_logger.go:16","msg":"%s\n[%.3fms] [rows:%v] %s","args":["C:/Users/L/Desktop/实训/Project/repository/dao/init.go:23",0.5458,"-","SELECT count(*) FROM information_schema.statistics WHERE table_schema = 'wms' AND table_name = 'outbound_records' AND index_name = 'idx_outbound_records_deleted_at'"]}
{"level":"debug","ts":1720490806.9747937,"caller":"logger/zap_logger.go:16","msg":"%s %s\n[%.3fms] [rows:%v] %s","args":["C:/Users/L/Desktop/实训/Project/repository/dao/init.go:25",{"Number":3822,"SQLState":[72,89,48,48,48],"Message":"Duplicate check constraint name 'check_number'."},1.5364,0,"ALTER TABLE inventories ADD CONSTRAINT check_number CHECK (number >= 0)"]}
{"level":"debug","ts":1720490976.466321,"caller":"logger/zap_logger.go:16","msg":"%s\n[%.3fms] [rows:%v] %s","args":["C:/Users/L/Desktop/实训/Project/repository/dao/user.go:27",12.6085,1,"SELECT * FROM `users` WHERE Name = 'lzdlzd' AND `users`.`deleted_at` IS NULL ORDER BY `users`.`id` LIMIT 1"]}
{"level":"debug","ts":1720491077.5091882,"caller":"logger/zap_logger.go:16","msg":"%s\n[%.3fms] [rows:%v] %s","args":["C:/Users/L/Desktop/实训/Project/repository/dao/user.go:21",1.2373,1,"SELECT * FROM `users` WHERE id = 3 AND `users`.`deleted_at` IS NULL ORDER BY `users`.`id` LIMIT 1"]}
{"level":"debug","ts":1720492439.8674083,"caller":"logger/zap_logger.go:16","msg":"%s\n[%.3fms] [rows:%v] %s","args":["C:/Users/L/Desktop/实训/Project/repository/dao/user.go:27",1.5597,1,"SELECT * FROM `users` WHERE Name = 'lzdlzd' AND `users`.`deleted_at` IS NULL ORDER BY `users`.`id` LIMIT 1"]}
{"level":"debug","ts":1720492525.216846,"caller":"logger/zap_logger.go:16","msg":"%s\n[%.3fms] [rows:%v] %s","args":["C:/Users/L/Desktop/实训/Project/repository/dao/user.go:27",0.685,1,"SELECT * FROM `users` WHERE Name = 'lzdlzd' AND `users`.`deleted_at` IS NULL ORDER BY `users`.`id` LIMIT 1"]}
{"level":"debug","ts":1720493223.9588623,"caller":"logger/zap_logger.go:16","msg":"%s\n[%.3fms] [rows:%v] %s","args":["C:/Users/L/Desktop/实训/Project/repository/dao/user.go:27",2.1188,1,"SELECT * FROM `users` WHERE Name = 'lzdlzd' AND `users`.`deleted_at` IS NULL ORDER BY `users`.`id` LIMIT 1"]}
{"level":"debug","ts":1720493271.093979,"caller":"logger/zap_logger.go:16","msg":"%s\n[%.3fms] [rows:%v] %s","args":["C:/Users/L/Desktop/实训/Project/repository/dao/item.go:33",24.1625,1,"INSERT INTO `warehouses` (`created_at`,`updated_at`,`deleted_at`,`name`,`location`,`description`) VALUES ('2024-07-09 10:47:51.072','2024-07-09 10:47:51.072',NULL,'first_test','first_test','first_test')"]}
{"level":"debug","ts":1720493464.1714492,"caller":"logger/zap_logger.go:16","msg":"%s\n[%.3fms] [rows:%v] %s","args":["C:/Users/L/Desktop/实训/Project/repository/dao/item.go:33",6.1623,1,"INSERT INTO `warehouses` (`created_at`,`updated_at`,`deleted_at`,`name`,`location`,`description`) VALUES ('2024-07-09 10:51:04.165','2024-07-09 10:51:04.165',NULL,'second_test','second_test','second_test')"]}
{"level":"debug","ts":1720493538.6993365,"caller":"logger/zap_logger.go:16","msg":"%s\n[%.3fms] [rows:%v] %s","args":["C:/Users/L/Desktop/实训/Project/repository/dao/item.go:33",8.5868,1,"INSERT INTO `warehouses` (`created_at`,`updated_at`,`deleted_at`,`name`,`location`,`description`) VALUES ('2024-07-09 10:52:18.692','2024-07-09 10:52:18.692',NULL,'nihao','ccnu','mylove')"]}
{"level":"debug","ts":1720496026.2811894,"caller":"logger/zap_logger.go:16","msg":"%s\n[%.3fms] [rows:%v] %s","args":["C:/Users/L/Desktop/实训/Project/repository/dao/item.go:100",6.891,3,"SELECT * FROM `warehouses` WHERE `warehouses`.`deleted_at` IS NULL"]}
{"level":"debug","ts":1720496112.93762,"caller":"logger/zap_logger.go:16","msg":"%s\n[%.3fms] [rows:%v] %s","args":["C:/Users/L/Desktop/实训/Project/repository/dao/user.go:27",4.0322,1,"SELECT * FROM `users` WHERE Name = 'lzdlzd' AND `users`.`deleted_at` IS NULL ORDER BY `users`.`id` LIMIT 1"]}
{"level":"debug","ts":1720496127.356271,"caller":"logger/zap_logger.go:16","msg":"%s\n[%.3fms] [rows:%v] %s","args":["C:/Users/L/Desktop/实训/Project/repository/dao/item.go:106",2.4664,1,"SELECT * FROM `warehouses` WHERE Id = 1 AND `warehouses`.`deleted_at` IS NULL ORDER BY `warehouses`.`id` LIMIT 1"]}
{"level":"debug","ts":1720507904.257725,"caller":"logger/zap_logger.go:16","msg":"%s\n[%.3fms] [rows:%v] %s","args":["C:/Users/L/Desktop/实训/Project/repository/dao/init.go:18",0,"-","SELECT DATABASE()"]}
{"level":"debug","ts":1720507904.262169,"caller":"logger/zap_logger.go:16","msg":"%s\n[%.3fms] [rows:%v] %s","args":["C:/Users/L/Desktop/实训/Project/repository/dao/init.go:18",4.4438,1,"SELECT SCHEMA_NAME from Information_schema.SCHEMATA where SCHEMA_NAME LIKE 'wms%' ORDER BY SCHEMA_NAME='wms' DESC,SCHEMA_NAME limit 1"]}
{"level":"debug","ts":1720507904.2652376,"caller":"logger/zap_logger.go:16","msg":"%s\n[%.3fms] [rows:%v] %s","args":["C:/Users/L/Desktop/实训/Project/repository/dao/init.go:18",2.1288,"-","SELECT count(*) FROM information_schema.tables WHERE table_schema = 'wms' AND table_name = 'users' AND table_type = 'BASE TABLE'"]}
{"level":"debug","ts":1720507904.265772,"caller":"logger/zap_logger.go:16","msg":"%s\n[%.3fms] [rows:%v] %s","args":["C:/Users/L/Desktop/实训/Project/repository/dao/init.go:18",0,"-","SELECT DATABASE()"]}
{"level":"debug","ts":1720507904.265772,"caller":"logger/zap_logger.go:16","msg":"%s\n[%.3fms] [rows:%v] %s","args":["C:/Users/L/Desktop/实训/Project/repository/dao/init.go:18",0,1,"SELECT SCHEMA_NAME from Information_schema.SCHEMATA where SCHEMA_NAME LIKE 'wms%' ORDER BY SCHEMA_NAME='wms' DESC,SCHEMA_NAME limit 1"]}
{"level":"debug","ts":1720507904.2664597,"caller":"logger/zap_logger.go:16","msg":"%s\n[%.3fms] [rows:%v] %s","args":["C:/Users/L/Desktop/实训/Project/repository/dao/init.go:18",0.6876,"-","SELECT * FROM `users` LIMIT 1"]}
{"level":"debug","ts":1720507904.2678185,"caller":"logger/zap_logger.go:16","msg":"%s\n[%.3fms] [rows:%v] %s","args":["C:/Users/L/Desktop/实训/Project/repository/dao/init.go:18",1.3589,"-","SELECT column_name, column_default, is_nullable = 'YES', data_type, character_maximum_length, column_type, column_key, extra, column_comment, numeric_precision, numeric_scale , datetime_precision FROM information_schema.columns WHERE table_schema = 'wms' AND table_name = 'users' ORDER BY ORDINAL_POSITION"]}
{"level":"debug","ts":1720507904.2685704,"caller":"logger/zap_logger.go:16","msg":"%s\n[%.3fms] [rows:%v] %s","args":["C:/Users/L/Desktop/实训/Project/repository/dao/init.go:18",0,"-","SELECT DATABASE()"]}
{"level":"debug","ts":1720507904.2690756,"caller":"logger/zap_logger.go:16","msg":"%s\n[%.3fms] [rows:%v] %s","args":["C:/Users/L/Desktop/实训/Project/repository/dao/init.go:18",0.5054,1,"SELECT SCHEMA_NAME from Information_schema.SCHEMATA where SCHEMA_NAME LIKE 'wms%' ORDER BY SCHEMA_NAME='wms' DESC,SCHEMA_NAME limit 1"]}
{"level":"debug","ts":1720507904.2696528,"caller":"logger/zap_logger.go:16","msg":"%s\n[%.3fms] [rows:%v] %s","args":["C:/Users/L/Desktop/实训/Project/repository/dao/init.go:18",0.577,"-","SELECT count(*) FROM information_schema.statistics WHERE table_schema = 'wms' AND table_name = 'users' AND index_name = 'idx_users_deleted_at'"]}
{"level":"debug","ts":1720507904.2702663,"caller":"logger/zap_logger.go:16","msg":"%s\n[%.3fms] [rows:%v] %s","args":["C:/Users/L/Desktop/实训/Project/repository/dao/init.go:19",0,"-","SELECT DATABASE()"]}
{"level":"debug","ts":1720507904.2710612,"caller":"logger/zap_logger.go:16","msg":"%s\n[%.3fms] [rows:%v] %s","args":["C:/Users/L/Desktop/实训/Project/repository/dao/init.go:19",0.7949,1,"SELECT SCHEMA_NAME from Information_schema.SCHEMATA where SCHEMA_NAME LIKE 'wms%' ORDER BY SCHEMA_NAME='wms' DESC,SCHEMA_NAME limit 1"]}
{"level":"debug","ts":1720507904.271585,"caller":"logger/zap_logger.go:16","msg":"%s\n[%.3fms] [rows:%v] %s","args":["C:/Users/L/Desktop/实训/Project/repository/dao/init.go:19",0.5239,"-","SELECT count(*) FROM information_schema.tables WHERE table_schema = 'wms' AND table_name = 'warehouses' AND table_type = 'BASE TABLE'"]}
{"level":"debug","ts":1720507904.2716599,"caller":"logger/zap_logger.go:16","msg":"%s\n[%.3fms] [rows:%v] %s","args":["C:/Users/L/Desktop/实训/Project/repository/dao/init.go:19",0,"-","SELECT DATABASE()"]}
{"level":"debug","ts":1720507904.2716599,"caller":"logger/zap_logger.go:16","msg":"%s\n[%.3fms] [rows:%v] %s","args":["C:/Users/L/Desktop/实训/Project/repository/dao/init.go:19",0,1,"SELECT SCHEMA_NAME from Information_schema.SCHEMATA where SCHEMA_NAME LIKE 'wms%' ORDER BY SCHEMA_NAME='wms' DESC,SCHEMA_NAME limit 1"]}
{"level":"debug","ts":1720507904.2724946,"caller":"logger/zap_logger.go:16","msg":"%s\n[%.3fms] [rows:%v] %s","args":["C:/Users/L/Desktop/实训/Project/repository/dao/init.go:19",0.8348,"-","SELECT * FROM `warehouses` LIMIT 1"]}
{"level":"debug","ts":1720507904.2730157,"caller":"logger/zap_logger.go:16","msg":"%s\n[%.3fms] [rows:%v] %s","args":["C:/Users/L/Desktop/实训/Project/repository/dao/init.go:19",0.521,"-","SELECT column_name, column_default, is_nullable = 'YES', data_type, character_maximum_length, column_type, column_key, extra, column_comment, numeric_precision, numeric_scale , datetime_precision FROM information_schema.columns WHERE table_schema = 'wms' AND table_name = 'warehouses' ORDER BY ORDINAL_POSITION"]}
{"level":"debug","ts":1720507904.2732713,"caller":"logger/zap_logger.go:16","msg":"%s\n[%.3fms] [rows:%v] %s","args":["C:/Users/L/Desktop/实训/Project/repository/dao/init.go:19",0,"-","SELECT DATABASE()"]}
{"level":"debug","ts":1720507904.2732713,"caller":"logger/zap_logger.go:16","msg":"%s\n[%.3fms] [rows:%v] %s","args":["C:/Users/L/Desktop/实训/Project/repository/dao/init.go:19",0,1,"SELECT SCHEMA_NAME from Information_schema.SCHEMATA where SCHEMA_NAME LIKE 'wms%' ORDER BY SCHEMA_NAME='wms' DESC,SCHEMA_NAME limit 1"]}
{"level":"debug","ts":1720507904.2739837,"caller":"logger/zap_logger.go:16","msg":"%s\n[%.3fms] [rows:%v] %s","args":["C:/Users/L/Desktop/实训/Project/repository/dao/init.go:19",0.7124,"-","SELECT count(*) FROM information_schema.statistics WHERE table_schema = 'wms' AND table_name = 'warehouses' AND index_name = 'idx_warehouses_deleted_at'"]}
{"level":"debug","ts":1720507904.2739837,"caller":"logger/zap_logger.go:16","msg":"%s\n[%.3fms] [rows:%v] %s","args":["C:/Users/L/Desktop/实训/Project/repository/dao/init.go:20",0,"-","SELECT DATABASE()"]}
{"level":"debug","ts":1720507904.274686,"caller":"logger/zap_logger.go:16","msg":"%s\n[%.3fms] [rows:%v] %s","args":["C:/Users/L/Desktop/实训/Project/repository/dao/init.go:20",0.5028,1,"SELECT SCHEMA_NAME from Information_schema.SCHEMATA where SCHEMA_NAME LIKE 'wms%' ORDER BY SCHEMA_NAME='wms' DESC,SCHEMA_NAME limit 1"]}
{"level":"debug","ts":1720507904.2751884,"caller":"logger/zap_logger.go:16","msg":"%s\n[%.3fms] [rows:%v] %s","args":["C:/Users/L/Desktop/实训/Project/repository/dao/init.go:20",0.5023,"-","SELECT count(*) FROM information_schema.tables WHERE table_schema = 'wms' AND table_name = 'items' AND table_type = 'BASE TABLE'"]}
{"level":"debug","ts":1720507904.2753484,"caller":"logger/zap_logger.go:16","msg":"%s\n[%.3fms] [rows:%v] %s","args":["C:/Users/L/Desktop/实训/Project/repository/dao/init.go:20",0,"-","SELECT DATABASE()"]}
{"level":"debug","ts":1720507904.2753484,"caller":"logger/zap_logger.go:16","msg":"%s\n[%.3fms] [rows:%v] %s","args":["C:/Users/L/Desktop/实训/Project/repository/dao/init.go:20",0,1,"SELECT SCHEMA_NAME from Information_schema.SCHEMATA where SCHEMA_NAME LIKE 'wms%' ORDER BY SCHEMA_NAME='wms' DESC,SCHEMA_NAME limit 1"]}
{"level":"debug","ts":1720507904.2762425,"caller":"logger/zap_logger.go:16","msg":"%s\n[%.3fms] [rows:%v] %s","args":["C:/Users/L/Desktop/实训/Project/repository/dao/init.go:20",0.8941,"-","SELECT * FROM `items` LIMIT 1"]}
{"level":"debug","ts":1720507904.276867,"caller":"logger/zap_logger.go:16","msg":"%s\n[%.3fms] [rows:%v] %s","args":["C:/Users/L/Desktop/实训/Project/repository/dao/init.go:20",0.5028,"-","SELECT column_name, column_default, is_nullable = 'YES', data_type, character_maximum_length, column_type, column_key, extra, column_comment, numeric_precision, numeric_scale , datetime_precision FROM information_schema.columns WHERE table_schema = 'wms' AND table_name = 'items' ORDER BY ORDINAL_POSITION"]}
{"level":"debug","ts":1720507904.2770932,"caller":"logger/zap_logger.go:16","msg":"%s\n[%.3fms] [rows:%v] %s","args":["C:/Users/L/Desktop/实训/Project/repository/dao/init.go:20",0,"-","SELECT DATABASE()"]}
{"level":"debug","ts":1720507904.2777092,"caller":"logger/zap_logger.go:16","msg":"%s\n[%.3fms] [rows:%v] %s","args":["C:/Users/L/Desktop/实训/Project/repository/dao/init.go:20",0.6162,1,"SELECT SCHEMA_NAME from Information_schema.SCHEMATA where SCHEMA_NAME LIKE 'wms%' ORDER BY SCHEMA_NAME='wms' DESC,SCHEMA_NAME limit 1"]}
{"level":"debug","ts":1720507904.278213,"caller":"logger/zap_logger.go:16","msg":"%s\n[%.3fms] [rows:%v] %s","args":["C:/Users/L/Desktop/实训/Project/repository/dao/init.go:20",0.504,"-","SELECT count(*) FROM information_schema.statistics WHERE table_schema = 'wms' AND table_name = 'items' AND index_name = 'idx_items_deleted_at'"]}
{"level":"debug","ts":1720507904.278213,"caller":"logger/zap_logger.go:16","msg":"%s\n[%.3fms] [rows:%v] %s","args":["C:/Users/L/Desktop/实训/Project/repository/dao/init.go:21",0,"-","SELECT DATABASE()"]}
{"level":"debug","ts":1720507904.2788224,"caller":"logger/zap_logger.go:16","msg":"%s\n[%.3fms] [rows:%v] %s","args":["C:/Users/L/Desktop/实训/Project/repository/dao/init.go:21",0.6091,1,"SELECT SCHEMA_NAME from Information_schema.SCHEMATA where SCHEMA_NAME LIKE 'wms%' ORDER BY SCHEMA_NAME='wms' DESC,SCHEMA_NAME limit 1"]}
{"level":"debug","ts":1720507904.2793245,"caller":"logger/zap_logger.go:16","msg":"%s\n[%.3fms] [rows:%v] %s","args":["C:/Users/L/Desktop/实训/Project/repository/dao/init.go:21",0.5022,"-","SELECT count(*) FROM information_schema.tables WHERE table_schema = 'wms' AND table_name = 'warehouses' AND table_type = 'BASE TABLE'"]}
{"level":"debug","ts":1720507904.2794566,"caller":"logger/zap_logger.go:16","msg":"%s\n[%.3fms] [rows:%v] %s","args":["C:/Users/L/Desktop/实训/Project/repository/dao/init.go:21",0,"-","SELECT DATABASE()"]}
{"level":"debug","ts":1720507904.2794566,"caller":"logger/zap_logger.go:16","msg":"%s\n[%.3fms] [rows:%v] %s","args":["C:/Users/L/Desktop/实训/Project/repository/dao/init.go:21",0,1,"SELECT SCHEMA_NAME from Information_schema.SCHEMATA where SCHEMA_NAME LIKE 'wms%' ORDER BY SCHEMA_NAME='wms' DESC,SCHEMA_NAME limit 1"]}
{"level":"debug","ts":1720507904.2799842,"caller":"logger/zap_logger.go:16","msg":"%s\n[%.3fms] [rows:%v] %s","args":["C:/Users/L/Desktop/实训/Project/repository/dao/init.go:21",0.5274,"-","SELECT * FROM `warehouses` LIMIT 1"]}
{"level":"debug","ts":1720507904.2799842,"caller":"logger/zap_logger.go:16","msg":"%s\n[%.3fms] [rows:%v] %s","args":["C:/Users/L/Desktop/实训/Project/repository/dao/init.go:21",0,"-","SELECT column_name, column_default, is_nullable = 'YES', data_type, character_maximum_length, column_type, column_key, extra, column_comment, numeric_precision, numeric_scale , datetime_precision FROM information_schema.columns WHERE table_schema = 'wms' AND table_name = 'warehouses' ORDER BY ORDINAL_POSITION"]}
{"level":"debug","ts":1720507904.2805328,"caller":"logger/zap_logger.go:16","msg":"%s\n[%.3fms] [rows:%v] %s","args":["C:/Users/L/Desktop/实训/Project/repository/dao/init.go:21",0,"-","SELECT DATABASE()"]}
{"level":"debug","ts":1720507904.2805328,"caller":"logger/zap_logger.go:16","msg":"%s\n[%.3fms] [rows:%v] %s","args":["C:/Users/L/Desktop/实训/Project/repository/dao/init.go:21",0,1,"SELECT SCHEMA_NAME from Information_schema.SCHEMATA where SCHEMA_NAME LIKE 'wms%' ORDER BY SCHEMA_NAME='wms' DESC,SCHEMA_NAME limit 1"]}
{"level":"debug","ts":1720507904.2811358,"caller":"logger/zap_logger.go:16","msg":"%s\n[%.3fms] [rows:%v] %s","args":["C:/Users/L/Desktop/实训/Project/repository/dao/init.go:21",0.603,"-","SELECT count(*) FROM information_schema.statistics WHERE table_schema = 'wms' AND table_name = 'warehouses' AND index_name = 'idx_warehouses_deleted_at'"]}
{"level":"debug","ts":1720507904.2811358,"caller":"logger/zap_logger.go:16","msg":"%s\n[%.3fms] [rows:%v] %s","args":["C:/Users/L/Desktop/实训/Project/repository/dao/init.go:21",0,"-","SELECT DATABASE()"]}
{"level":"debug","ts":1720507904.2816586,"caller":"logger/zap_logger.go:16","msg":"%s\n[%.3fms] [rows:%v] %s","args":["C:/Users/L/Desktop/实训/Project/repository/dao/init.go:21",0.5227,1,"SELECT SCHEMA_NAME from Information_schema.SCHEMATA where SCHEMA_NAME LIKE 'wms%' ORDER BY SCHEMA_NAME='wms' DESC,SCHEMA_NAME limit 1"]}
{"level":"debug","ts":1720507904.2819328,"caller":"logger/zap_logger.go:16","msg":"%s\n[%.3fms] [rows:%v] %s","args":["C:/Users/L/Desktop/实训/Project/repository/dao/init.go:21",0.2743,"-","SELECT count(*) FROM information_schema.tables WHERE table_schema = 'wms' AND table_name = 'items' AND table_type = 'BASE TABLE'"]}
{"level":"debug","ts":1720507904.2819328,"caller":"logger/zap_logger.go:16","msg":"%s\n[%.3fms] [rows:%v] %s","args":["C:/Users/L/Desktop/实训/Project/repository/dao/init.go:21",0,"-","SELECT DATABASE()"]}
{"level":"debug","ts":1720507904.2819328,"caller":"logger/zap_logger.go:16","msg":"%s\n[%.3fms] [rows:%v] %s","args":["C:/Users/L/Desktop/实训/Project/repository/dao/init.go:21",0,1,"SELECT SCHEMA_NAME from Information_schema.SCHEMATA where SCHEMA_NAME LIKE 'wms%' ORDER BY SCHEMA_NAME='wms' DESC,SCHEMA_NAME limit 1"]}
{"level":"debug","ts":1720507904.2824538,"caller":"logger/zap_logger.go:16","msg":"%s\n[%.3fms] [rows:%v] %s","args":["C:/Users/L/Desktop/实训/Project/repository/dao/init.go:21",0.521,"-","SELECT * FROM `items` LIMIT 1"]}
{"level":"debug","ts":1720507904.283103,"caller":"logger/zap_logger.go:16","msg":"%s\n[%.3fms] [rows:%v] %s","args":["C:/Users/L/Desktop/实训/Project/repository/dao/init.go:21",0.5246,"-","SELECT column_name, column_default, is_nullable = 'YES', data_type, character_maximum_length, column_type, column_key, extra, column_comment, numeric_precision, numeric_scale , datetime_precision FROM information_schema.columns WHERE table_schema = 'wms' AND table_name = 'items' ORDER BY ORDINAL_POSITION"]}
{"level":"debug","ts":1720507904.283103,"caller":"logger/zap_logger.go:16","msg":"%s\n[%.3fms] [rows:%v] %s","args":["C:/Users/L/Desktop/实训/Project/repository/dao/init.go:21",0,"-","SELECT DATABASE()"]}
{"level":"debug","ts":1720507904.283103,"caller":"logger/zap_logger.go:16","msg":"%s\n[%.3fms] [rows:%v] %s","args":["C:/Users/L/Desktop/实训/Project/repository/dao/init.go:21",0,1,"SELECT SCHEMA_NAME from Information_schema.SCHEMATA where SCHEMA_NAME LIKE 'wms%' ORDER BY SCHEMA_NAME='wms' DESC,SCHEMA_NAME limit 1"]}
{"level":"debug","ts":1720507904.2837484,"caller":"logger/zap_logger.go:16","msg":"%s\n[%.3fms] [rows:%v] %s","args":["C:/Users/L/Desktop/实训/Project/repository/dao/init.go:21",0.6454,"-","SELECT count(*) FROM information_schema.statistics WHERE table_schema = 'wms' AND table_name = 'items' AND index_name = 'idx_items_deleted_at'"]}
{"level":"debug","ts":1720507904.2837484,"caller":"logger/zap_logger.go:16","msg":"%s\n[%.3fms] [rows:%v] %s","args":["C:/Users/L/Desktop/实训/Project/repository/dao/init.go:21",0,"-","SELECT DATABASE()"]}
{"level":"debug","ts":1720507904.2842517,"caller":"logger/zap_logger.go:16","msg":"%s\n[%.3fms] [rows:%v] %s","args":["C:/Users/L/Desktop/实训/Project/repository/dao/init.go:21",0.5033,1,"SELECT SCHEMA_NAME from Information_schema.SCHEMATA where SCHEMA_NAME LIKE 'wms%' ORDER BY SCHEMA_NAME='wms' DESC,SCHEMA_NAME limit 1"]}
{"level":"debug","ts":1720507904.2845986,"caller":"logger/zap_logger.go:16","msg":"%s\n[%.3fms] [rows:%v] %s","args":["C:/Users/L/Desktop/实训/Project/repository/dao/init.go:21",0.3468,"-","SELECT count(*) FROM information_schema.tables WHERE table_schema = 'wms' AND table_name = 'inventories' AND table_type = 'BASE TABLE'"]}
{"level":"debug","ts":1720507904.2845986,"caller":"logger/zap_logger.go:16","msg":"%s\n[%.3fms] [rows:%v] %s","args":["C:/Users/L/Desktop/实训/Project/repository/dao/init.go:21",0,"-","SELECT DATABASE()"]}
{"level":"debug","ts":1720507904.2852201,"caller":"logger/zap_logger.go:16","msg":"%s\n[%.3fms] [rows:%v] %s","args":["C:/Users/L/Desktop/实训/Project/repository/dao/init.go:21",0.5027,1,"SELECT SCHEMA_NAME from Information_schema.SCHEMATA where SCHEMA_NAME LIKE 'wms%' ORDER BY SCHEMA_NAME='wms' DESC,SCHEMA_NAME limit 1"]}
{"level":"debug","ts":1720507904.285847,"caller":"logger/zap_logger.go:16","msg":"%s\n[%.3fms] [rows:%v] %s","args":["C:/Users/L/Desktop/实训/Project/repository/dao/init.go:21",0.6269,"-","SELECT * FROM `inventories` LIMIT 1"]}
{"level":"debug","ts":1720507904.286368,"caller":"logger/zap_logger.go:16","msg":"%s\n[%.3fms] [rows:%v] %s","args":["C:/Users/L/Desktop/实训/Project/repository/dao/init.go:21",0.5209,"-","SELECT column_name, column_default, is_nullable = 'YES', data_type, character_maximum_length, column_type, column_key, extra, column_comment, numeric_precision, numeric_scale , datetime_precision FROM information_schema.columns WHERE table_schema = 'wms' AND table_name = 'inventories' ORDER BY ORDINAL_POSITION"]}
{"level":"debug","ts":1720507904.2865584,"caller":"logger/zap_logger.go:16","msg":"%s\n[%.3fms] [rows:%v] %s","args":["C:/Users/L/Desktop/实训/Project/repository/dao/init.go:21",0,"-","SELECT DATABASE()"]}
{"level":"debug","ts":1720507904.2872016,"caller":"logger/zap_logger.go:16","msg":"%s\n[%.3fms] [rows:%v] %s","args":["C:/Users/L/Desktop/实训/Project/repository/dao/init.go:21",0.643,1,"SELECT SCHEMA_NAME from Information_schema.SCHEMATA where SCHEMA_NAME LIKE 'wms%' ORDER BY SCHEMA_NAME='wms' DESC,SCHEMA_NAME limit 1"]}
{"level":"debug","ts":1720507904.2880404,"caller":"logger/zap_logger.go:16","msg":"%s\n[%.3fms] [rows:%v] %s","args":["C:/Users/L/Desktop/实训/Project/repository/dao/init.go:21",0.8389,"-","SELECT count(*) FROM INFORMATION_SCHEMA.table_constraints WHERE constraint_schema = 'wms' AND table_name = 'inventories' AND constraint_name = 'fk_inventories_item'"]}
{"level":"debug","ts":1720507904.2880404,"caller":"logger/zap_logger.go:16","msg":"%s\n[%.3fms] [rows:%v] %s","args":["C:/Users/L/Desktop/实训/Project/repository/dao/init.go:21",0,"-","SELECT DATABASE()"]}
{"level":"debug","ts":1720507904.2885444,"caller":"logger/zap_logger.go:16","msg":"%s\n[%.3fms] [rows:%v] %s","args":["C:/Users/L/Desktop/实训/Project/repository/dao/init.go:21",0,1,"SELECT SCHEMA_NAME from Information_schema.SCHEMATA where SCHEMA_NAME LIKE 'wms%' ORDER BY SCHEMA_NAME='wms' DESC,SCHEMA_NAME limit 1"]}
{"level":"debug","ts":1720507904.289168,"caller":"logger/zap_logger.go:16","msg":"%s\n[%.3fms] [rows:%v] %s","args":["C:/Users/L/Desktop/实训/Project/repository/dao/init.go:21",0.6234,"-","SELECT count(*) FROM INFORMATION_SCHEMA.table_constraints WHERE constraint_schema = 'wms' AND table_name = 'inventories' AND constraint_name = 'fk_inventories_warehouse'"]}
{"level":"debug","ts":1720507904.2896972,"caller":"logger/zap_logger.go:16","msg":"%s\n[%.3fms] [rows:%v] %s","args":["C:/Users/L/Desktop/实训/Project/repository/dao/init.go:21",0.5293,"-","SELECT DATABASE()"]}
{"level":"debug","ts":1720507904.289794,"caller":"logger/zap_logger.go:16","msg":"%s\n[%.3fms] [rows:%v] %s","args":["C:/Users/L/Desktop/实训/Project/repository/dao/init.go:21",0.0967,1,"SELECT SCHEMA_NAME from Information_schema.SCHEMATA where SCHEMA_NAME LIKE 'wms%' ORDER BY SCHEMA_NAME='wms' DESC,SCHEMA_NAME limit 1"]}
{"level":"debug","ts":1720507904.290299,"caller":"logger/zap_logger.go:16","msg":"%s\n[%.3fms] [rows:%v] %s","args":["C:/Users/L/Desktop/实训/Project/repository/dao/init.go:21",0.5049,"-","SELECT count(*) FROM information_schema.statistics WHERE table_schema = 'wms' AND table_name = 'inventories' AND index_name = 'idx_inventories_deleted_at'"]}
{"level":"debug","ts":1720507904.2905436,"caller":"logger/zap_logger.go:16","msg":"%s\n[%.3fms] [rows:%v] %s","args":["C:/Users/L/Desktop/实训/Project/repository/dao/init.go:22",0,"-","SELECT DATABASE()"]}
{"level":"debug","ts":1720507904.2905436,"caller":"logger/zap_logger.go:16","msg":"%s\n[%.3fms] [rows:%v] %s","args":["C:/Users/L/Desktop/实训/Project/repository/dao/init.go:22",0,1,"SELECT SCHEMA_NAME from Information_schema.SCHEMATA where SCHEMA_NAME LIKE 'wms%' ORDER BY SCHEMA_NAME='wms' DESC,SCHEMA_NAME limit 1"]}
{"level":"debug","ts":1720507904.291049,"caller":"logger/zap_logger.go:16","msg":"%s\n[%.3fms] [rows:%v] %s","args":["C:/Users/L/Desktop/实训/Project/repository/dao/init.go:22",0,"-","SELECT count(*) FROM information_schema.tables WHERE table_schema = 'wms' AND table_name = 'items' AND table_type = 'BASE TABLE'"]}
{"level":"debug","ts":1720507904.2916555,"caller":"logger/zap_logger.go:16","msg":"%s\n[%.3fms] [rows:%v] %s","args":["C:/Users/L/Desktop/实训/Project/repository/dao/init.go:22",0.6063,"-","SELECT DATABASE()"]}
{"level":"debug","ts":1720507904.2922308,"caller":"logger/zap_logger.go:16","msg":"%s\n[%.3fms] [rows:%v] %s","args":["C:/Users/L/Desktop/实训/Project/repository/dao/init.go:22",0.5756,1,"SELECT SCHEMA_NAME from Information_schema.SCHEMATA where SCHEMA_NAME LIKE 'wms%' ORDER BY SCHEMA_NAME='wms' DESC,SCHEMA_NAME limit 1"]}
{"level":"debug","ts":1720507904.2922308,"caller":"logger/zap_logger.go:16","msg":"%s\n[%.3fms] [rows:%v] %s","args":["C:/Users/L/Desktop/实训/Project/repository/dao/init.go:22",0,"-","SELECT * FROM `items` LIMIT 1"]}
{"level":"debug","ts":1720507904.2929068,"caller":"logger/zap_logger.go:16","msg":"%s\n[%.3fms] [rows:%v] %s","args":["C:/Users/L/Desktop/实训/Project/repository/dao/init.go:22",0.6758,"-","SELECT column_name, column_default, is_nullable = 'YES', data_type, character_maximum_length, column_type, column_key, extra, column_comment, numeric_precision, numeric_scale , datetime_precision FROM information_schema.columns WHERE table_schema = 'wms' AND table_name = 'items' ORDER BY ORDINAL_POSITION"]}
{"level":"debug","ts":1720507904.2929068,"caller":"logger/zap_logger.go:16","msg":"%s\n[%.3fms] [rows:%v] %s","args":["C:/Users/L/Desktop/实训/Project/repository/dao/init.go:22",0,"-","SELECT DATABASE()"]}
{"level":"debug","ts":1720507904.293535,"caller":"logger/zap_logger.go:16","msg":"%s\n[%.3fms] [rows:%v] %s","args":["C:/Users/L/Desktop/实训/Project/repository/dao/init.go:22",0.6283,1,"SELECT SCHEMA_NAME from Information_schema.SCHEMATA where SCHEMA_NAME LIKE 'wms%' ORDER BY SCHEMA_NAME='wms' DESC,SCHEMA_NAME limit 1"]}
{"level":"debug","ts":1720507904.294038,"caller":"logger/zap_logger.go:16","msg":"%s\n[%.3fms] [rows:%v] %s","args":["C:/Users/L/Desktop/实训/Project/repository/dao/init.go:22",0.503,"-","SELECT count(*) FROM information_schema.statistics WHERE table_schema = 'wms' AND table_name = 'items' AND index_name = 'idx_items_deleted_at'"]}
{"level":"debug","ts":1720507904.2942681,"caller":"logger/zap_logger.go:16","msg":"%s\n[%.3fms] [rows:%v] %s","args":["C:/Users/L/Desktop/实训/Project/repository/dao/init.go:22",0,"-","SELECT DATABASE()"]}
{"level":"debug","ts":1720507904.2942681,"caller":"logger/zap_logger.go:16","msg":"%s\n[%.3fms] [rows:%v] %s","args":["C:/Users/L/Desktop/实训/Project/repository/dao/init.go:22",0,1,"SELECT SCHEMA_NAME from Information_schema.SCHEMATA where SCHEMA_NAME LIKE 'wms%' ORDER BY SCHEMA_NAME='wms' DESC,SCHEMA_NAME limit 1"]}
{"level":"debug","ts":1720507904.296051,"caller":"logger/zap_logger.go:16","msg":"%s\n[%.3fms] [rows:%v] %s","args":["C:/Users/L/Desktop/实训/Project/repository/dao/init.go:22",1.7828,"-","SELECT count(*) FROM information_schema.tables WHERE table_schema = 'wms' AND table_name = 'warehouses' AND table_type = 'BASE TABLE'"]}
{"level":"debug","ts":1720507904.296051,"caller":"logger/zap_logger.go:16","msg":"%s\n[%.3fms] [rows:%v] %s","args":["C:/Users/L/Desktop/实训/Project/repository/dao/init.go:22",0,"-","SELECT DATABASE()"]}
{"level":"debug","ts":1720507904.2966611,"caller":"logger/zap_logger.go:16","msg":"%s\n[%.3fms] [rows:%v] %s","args":["C:/Users/L/Desktop/实训/Project/repository/dao/init.go:22",0.6102,1,"SELECT SCHEMA_NAME from Information_schema.SCHEMATA where SCHEMA_NAME LIKE 'wms%' ORDER BY SCHEMA_NAME='wms' DESC,SCHEMA_NAME limit 1"]}
{"level":"debug","ts":1720507904.2966611,"caller":"logger/zap_logger.go:16","msg":"%s\n[%.3fms] [rows:%v] %s","args":["C:/Users/L/Desktop/实训/Project/repository/dao/init.go:22",0,"-","SELECT * FROM `warehouses` LIMIT 1"]}
{"level":"debug","ts":1720507904.2971642,"caller":"logger/zap_logger.go:16","msg":"%s\n[%.3fms] [rows:%v] %s","args":["C:/Users/L/Desktop/实训/Project/repository/dao/init.go:22",0.5031,"-","SELECT column_name, column_default, is_nullable = 'YES', data_type, character_maximum_length, column_type, column_key, extra, column_comment, numeric_precision, numeric_scale , datetime_precision FROM information_schema.columns WHERE table_schema = 'wms' AND table_name = 'warehouses' ORDER BY ORDINAL_POSITION"]}
{"level":"debug","ts":1720507904.297386,"caller":"logger/zap_logger.go:16","msg":"%s\n[%.3fms] [rows:%v] %s","args":["C:/Users/L/Desktop/实训/Project/repository/dao/init.go:22",0,"-","SELECT DATABASE()"]}
{"level":"debug","ts":1720507904.297386,"caller":"logger/zap_logger.go:16","msg":"%s\n[%.3fms] [rows:%v] %s","args":["C:/Users/L/Desktop/实训/Project/repository/dao/init.go:22",0,1,"SELECT SCHEMA_NAME from Information_schema.SCHEMATA where SCHEMA_NAME LIKE 'wms%' ORDER BY SCHEMA_NAME='wms' DESC,SCHEMA_NAME limit 1"]}
{"level":"debug","ts":1720507904.2979674,"caller":"logger/zap_logger.go:16","msg":"%s\n[%.3fms] [rows:%v] %s","args":["C:/Users/L/Desktop/实训/Project/repository/dao/init.go:22",0.5814,"-","SELECT count(*) FROM information_schema.statistics WHERE table_schema = 'wms' AND table_name = 'warehouses' AND index_name = 'idx_warehouses_deleted_at'"]}
{"level":"debug","ts":1720507904.2979674,"caller":"logger/zap_logger.go:16","msg":"%s\n[%.3fms] [rows:%v] %s","args":["C:/Users/L/Desktop/实训/Project/repository/dao/init.go:22",0,"-","SELECT DATABASE()"]}
{"level":"debug","ts":1720507904.2985716,"caller":"logger/zap_logger.go:16","msg":"%s\n[%.3fms] [rows:%v] %s","args":["C:/Users/L/Desktop/实训/Project/repository/dao/init.go:22",0.6042,1,"SELECT SCHEMA_NAME from Information_schema.SCHEMATA where SCHEMA_NAME LIKE 'wms%' ORDER BY SCHEMA_NAME='wms' DESC,SCHEMA_NAME limit 1"]}
{"level":"debug","ts":1720507904.299075,"caller":"logger/zap_logger.go:16","msg":"%s\n[%.3fms] [rows:%v] %s","args":["C:/Users/L/Desktop/实训/Project/repository/dao/init.go:22",0.5031,"-","SELECT count(*) FROM information_schema.tables WHERE table_schema = 'wms' AND table_name = 'inbound_records' AND table_type = 'BASE TABLE'"]}
{"level":"debug","ts":1720507904.2993488,"caller":"logger/zap_logger.go:16","msg":"%s\n[%.3fms] [rows:%v] %s","args":["C:/Users/L/Desktop/实训/Project/repository/dao/init.go:22",0,"-","SELECT DATABASE()"]}
{"level":"debug","ts":1720507904.2993488,"caller":"logger/zap_logger.go:16","msg":"%s\n[%.3fms] [rows:%v] %s","args":["C:/Users/L/Desktop/实训/Project/repository/dao/init.go:22",0,1,"SELECT SCHEMA_NAME from Information_schema.SCHEMATA where SCHEMA_NAME LIKE 'wms%' ORDER BY SCHEMA_NAME='wms' DESC,SCHEMA_NAME limit 1"]}
{"level":"debug","ts":1720507904.300352,"caller":"logger/zap_logger.go:16","msg":"%s\n[%.3fms] [rows:%v] %s","args":["C:/Users/L/Desktop/实训/Project/repository/dao/init.go:22",1.0033,"-","SELECT * FROM `inbound_records` LIMIT 1"]}
{"level":"debug","ts":1720507904.3008564,"caller":"logger/zap_logger.go:16","msg":"%s\n[%.3fms] [rows:%v] %s","args":["C:/Users/L/Desktop/实训/Project/repository/dao/init.go:22",0.5043,"-","SELECT column_name, column_default, is_nullable = 'YES', data_type, character_maximum_length, column_type, column_key, extra, column_comment, numeric_precision, numeric_scale , datetime_precision FROM information_schema.columns WHERE table_schema = 'wms' AND table_name = 'inbound_records' ORDER BY ORDINAL_POSITION"]}
{"level":"debug","ts":1720507904.3837588,"caller":"logger/zap_logger.go:16","msg":"%s\n[%.3fms] [rows:%v] %s","args":["C:/Users/L/Desktop/实训/Project/repository/dao/init.go:22",82.7312,0,"ALTER TABLE `inbound_records` ADD `description` longtext"]}
{"level":"debug","ts":1720507904.3844595,"caller":"logger/zap_logger.go:16","msg":"%s\n[%.3fms] [rows:%v] %s","args":["C:/Users/L/Desktop/实训/Project/repository/dao/init.go:22",0.5044,"-","SELECT DATABASE()"]}
{"level":"debug","ts":1720507904.3853967,"caller":"logger/zap_logger.go:16","msg":"%s\n[%.3fms] [rows:%v] %s","args":["C:/Users/L/Desktop/实训/Project/repository/dao/init.go:22",0.9371,1,"SELECT SCHEMA_NAME from Information_schema.SCHEMATA where SCHEMA_NAME LIKE 'wms%' ORDER BY SCHEMA_NAME='wms' DESC,SCHEMA_NAME limit 1"]}
{"level":"debug","ts":1720507904.3858995,"caller":"logger/zap_logger.go:16","msg":"%s\n[%.3fms] [rows:%v] %s","args":["C:/Users/L/Desktop/实训/Project/repository/dao/init.go:22",0.5027,"-","SELECT count(*) FROM INFORMATION_SCHEMA.table_constraints WHERE constraint_schema = 'wms' AND table_name = 'inbound_records' AND constraint_name = 'fk_inbound_records_item'"]}
{"level":"debug","ts":1720507904.386079,"caller":"logger/zap_logger.go:16","msg":"%s\n[%.3fms] [rows:%v] %s","args":["C:/Users/L/Desktop/实训/Project/repository/dao/init.go:22",0,"-","SELECT DATABASE()"]}
{"level":"debug","ts":1720507904.386079,"caller":"logger/zap_logger.go:16","msg":"%s\n[%.3fms] [rows:%v] %s","args":["C:/Users/L/Desktop/实训/Project/repository/dao/init.go:22",0,1,"SELECT SCHEMA_NAME from Information_schema.SCHEMATA where SCHEMA_NAME LIKE 'wms%' ORDER BY SCHEMA_NAME='wms' DESC,SCHEMA_NAME limit 1"]}
{"level":"debug","ts":1720507904.386706,"caller":"logger/zap_logger.go:16","msg":"%s\n[%.3fms] [rows:%v] %s","args":["C:/Users/L/Desktop/实训/Project/repository/dao/init.go:22",0.6272,"-","SELECT count(*) FROM INFORMATION_SCHEMA.table_constraints WHERE constraint_schema = 'wms' AND table_name = 'inbound_records' AND constraint_name = 'fk_inbound_records_warehouse'"]}
{"level":"debug","ts":1720507904.386706,"caller":"logger/zap_logger.go:16","msg":"%s\n[%.3fms] [rows:%v] %s","args":["C:/Users/L/Desktop/实训/Project/repository/dao/init.go:22",0,"-","SELECT DATABASE()"]}
{"level":"debug","ts":1720507904.387213,"caller":"logger/zap_logger.go:16","msg":"%s\n[%.3fms] [rows:%v] %s","args":["C:/Users/L/Desktop/实训/Project/repository/dao/init.go:22",0.5067,1,"SELECT SCHEMA_NAME from Information_schema.SCHEMATA where SCHEMA_NAME LIKE 'wms%' ORDER BY SCHEMA_NAME='wms' DESC,SCHEMA_NAME limit 1"]}
{"level":"debug","ts":1720507904.3874578,"caller":"logger/zap_logger.go:16","msg":"%s\n[%.3fms] [rows:%v] %s","args":["C:/Users/L/Desktop/实训/Project/repository/dao/init.go:22",0.2449,"-","SELECT count(*) FROM information_schema.statistics WHERE table_schema = 'wms' AND table_name = 'inbound_records' AND index_name = 'idx_inbound_records_deleted_at'"]}
{"level":"debug","ts":1720507904.3874578,"caller":"logger/zap_logger.go:16","msg":"%s\n[%.3fms] [rows:%v] %s","args":["C:/Users/L/Desktop/实训/Project/repository/dao/init.go:23",0,"-","SELECT DATABASE()"]}
{"level":"debug","ts":1720507904.388083,"caller":"logger/zap_logger.go:16","msg":"%s\n[%.3fms] [rows:%v] %s","args":["C:/Users/L/Desktop/实训/Project/repository/dao/init.go:23",0.5064,1,"SELECT SCHEMA_NAME from Information_schema.SCHEMATA where SCHEMA_NAME LIKE 'wms%' ORDER BY SCHEMA_NAME='wms' DESC,SCHEMA_NAME limit 1"]}
{"level":"debug","ts":1720507904.388083,"caller":"logger/zap_logger.go:16","msg":"%s\n[%.3fms] [rows:%v] %s","args":["C:/Users/L/Desktop/实训/Project/repository/dao/init.go:23",0,"-","SELECT count(*) FROM information_schema.tables WHERE table_schema = 'wms' AND table_name = 'items' AND table_type = 'BASE TABLE'"]}
{"level":"debug","ts":1720507904.3885877,"caller":"logger/zap_logger.go:16","msg":"%s\n[%.3fms] [rows:%v] %s","args":["C:/Users/L/Desktop/实训/Project/repository/dao/init.go:23",0,"-","SELECT DATABASE()"]}
{"level":"debug","ts":1720507904.389106,"caller":"logger/zap_logger.go:16","msg":"%s\n[%.3fms] [rows:%v] %s","args":["C:/Users/L/Desktop/实训/Project/repository/dao/init.go:23",0.5181,1,"SELECT SCHEMA_NAME from Information_schema.SCHEMATA where SCHEMA_NAME LIKE 'wms%' ORDER BY SCHEMA_NAME='wms' DESC,SCHEMA_NAME limit 1"]}
{"level":"debug","ts":1720507904.389106,"caller":"logger/zap_logger.go:16","msg":"%s\n[%.3fms] [rows:%v] %s","args":["C:/Users/L/Desktop/实训/Project/repository/dao/init.go:23",0,"-","SELECT * FROM `items` LIMIT 1"]}
{"level":"debug","ts":1720507904.3897367,"caller":"logger/zap_logger.go:16","msg":"%s\n[%.3fms] [rows:%v] %s","args":["C:/Users/L/Desktop/实训/Project/repository/dao/init.go:23",0.6308,"-","SELECT column_name, column_default, is_nullable = 'YES', data_type, character_maximum_length, column_type, column_key, extra, column_comment, numeric_precision, numeric_scale , datetime_precision FROM information_schema.columns WHERE table_schema = 'wms' AND table_name = 'items' ORDER BY ORDINAL_POSITION"]}
{"level":"debug","ts":1720507904.3897367,"caller":"logger/zap_logger.go:16","msg":"%s\n[%.3fms] [rows:%v] %s","args":["C:/Users/L/Desktop/实训/Project/repository/dao/init.go:23",0,"-","SELECT DATABASE()"]}
{"level":"debug","ts":1720507904.3903043,"caller":"logger/zap_logger.go:16","msg":"%s\n[%.3fms] [rows:%v] %s","args":["C:/Users/L/Desktop/实训/Project/repository/dao/init.go:23",0.5677,1,"SELECT SCHEMA_NAME from Information_schema.SCHEMATA where SCHEMA_NAME LIKE 'wms%' ORDER BY SCHEMA_NAME='wms' DESC,SCHEMA_NAME limit 1"]}
{"level":"debug","ts":1720507904.3908095,"caller":"logger/zap_logger.go:16","msg":"%s\n[%.3fms] [rows:%v] %s","args":["C:/Users/L/Desktop/实训/Project/repository/dao/init.go:23",0.5052,"-","SELECT count(*) FROM information_schema.statistics WHERE table_schema = 'wms' AND table_name = 'items' AND index_name = 'idx_items_deleted_at'"]}
{"level":"debug","ts":1720507904.390926,"caller":"logger/zap_logger.go:16","msg":"%s\n[%.3fms] [rows:%v] %s","args":["C:/Users/L/Desktop/实训/Project/repository/dao/init.go:23",0,"-","SELECT DATABASE()"]}
{"level":"debug","ts":1720507904.390926,"caller":"logger/zap_logger.go:16","msg":"%s\n[%.3fms] [rows:%v] %s","args":["C:/Users/L/Desktop/实训/Project/repository/dao/init.go:23",0,1,"SELECT SCHEMA_NAME from Information_schema.SCHEMATA where SCHEMA_NAME LIKE 'wms%' ORDER BY SCHEMA_NAME='wms' DESC,SCHEMA_NAME limit 1"]}
{"level":"debug","ts":1720507904.3916304,"caller":"logger/zap_logger.go:16","msg":"%s\n[%.3fms] [rows:%v] %s","args":["C:/Users/L/Desktop/实训/Project/repository/dao/init.go:23",0.7045,"-","SELECT count(*) FROM information_schema.tables WHERE table_schema = 'wms' AND table_name = 'warehouses' AND table_type = 'BASE TABLE'"]}
{"level":"debug","ts":1720507904.3916304,"caller":"logger/zap_logger.go:16","msg":"%s\n[%.3fms] [rows:%v] %s","args":["C:/Users/L/Desktop/实训/Project/repository/dao/init.go:23",0,"-","SELECT DATABASE()"]}
{"level":"debug","ts":1720507904.392136,"caller":"logger/zap_logger.go:16","msg":"%s\n[%.3fms] [rows:%v] %s","args":["C:/Users/L/Desktop/实训/Project/repository/dao/init.go:23",0.5058,1,"SELECT SCHEMA_NAME from Information_schema.SCHEMATA where SCHEMA_NAME LIKE 'wms%' ORDER BY SCHEMA_NAME='wms' DESC,SCHEMA_NAME limit 1"]}
{"level":"debug","ts":1720507904.3922186,"caller":"logger/zap_logger.go:16","msg":"%s\n[%.3fms] [rows:%v] %s","args":["C:/Users/L/Desktop/实训/Project/repository/dao/init.go:23",0.0823,"-","SELECT * FROM `warehouses` LIMIT 1"]}
{"level":"debug","ts":1720507904.392725,"caller":"logger/zap_logger.go:16","msg":"%s\n[%.3fms] [rows:%v] %s","args":["C:/Users/L/Desktop/实训/Project/repository/dao/init.go:23",0.5065,"-","SELECT column_name, column_default, is_nullable = 'YES', data_type, character_maximum_length, column_type, column_key, extra, column_comment, numeric_precision, numeric_scale , datetime_precision FROM information_schema.columns WHERE table_schema = 'wms' AND table_name = 'warehouses' ORDER BY ORDINAL_POSITION"]}
{"level":"debug","ts":1720507904.392891,"caller":"logger/zap_logger.go:16","msg":"%s\n[%.3fms] [rows:%v] %s","args":["C:/Users/L/Desktop/实训/Project/repository/dao/init.go:23",0,"-","SELECT DATABASE()"]}
{"level":"debug","ts":1720507904.392891,"caller":"logger/zap_logger.go:16","msg":"%s\n[%.3fms] [rows:%v] %s","args":["C:/Users/L/Desktop/实训/Project/repository/dao/init.go:23",0,1,"SELECT SCHEMA_NAME from Information_schema.SCHEMATA where SCHEMA_NAME LIKE 'wms%' ORDER BY SCHEMA_NAME='wms' DESC,SCHEMA_NAME limit 1"]}
{"level":"debug","ts":1720507904.3936074,"caller":"logger/zap_logger.go:16","msg":"%s\n[%.3fms] [rows:%v] %s","args":["C:/Users/L/Desktop/实训/Project/repository/dao/init.go:23",0.7165,"-","SELECT count(*) FROM information_schema.statistics WHERE table_schema = 'wms' AND table_name = 'warehouses' AND index_name = 'idx_warehouses_deleted_at'"]}
{"level":"debug","ts":1720507904.3936074,"caller":"logger/zap_logger.go:16","msg":"%s\n[%.3fms] [rows:%v] %s","args":["C:/Users/L/Desktop/实训/Project/repository/dao/init.go:23",0,"-","SELECT DATABASE()"]}
{"level":"debug","ts":1720507904.3936074,"caller":"logger/zap_logger.go:16","msg":"%s\n[%.3fms] [rows:%v] %s","args":["C:/Users/L/Desktop/实训/Project/repository/dao/init.go:23",0,1,"SELECT SCHEMA_NAME from Information_schema.SCHEMATA where SCHEMA_NAME LIKE 'wms%' ORDER BY SCHEMA_NAME='wms' DESC,SCHEMA_NAME limit 1"]}
{"level":"debug","ts":1720507904.3943503,"caller":"logger/zap_logger.go:16","msg":"%s\n[%.3fms] [rows:%v] %s","args":["C:/Users/L/Desktop/实训/Project/repository/dao/init.go:23",0.2378,"-","SELECT count(*) FROM information_schema.tables WHERE table_schema = 'wms' AND table_name = 'outbound_records' AND table_type = 'BASE TABLE'"]}
{"level":"debug","ts":1720507904.3943503,"caller":"logger/zap_logger.go:16","msg":"%s\n[%.3fms] [rows:%v] %s","args":["C:/Users/L/Desktop/实训/Project/repository/dao/init.go:23",0,"-","SELECT DATABASE()"]}
{"level":"debug","ts":1720507904.394935,"caller":"logger/zap_logger.go:16","msg":"%s\n[%.3fms] [rows:%v] %s","args":["C:/Users/L/Desktop/实训/Project/repository/dao/init.go:23",0.5843,1,"SELECT SCHEMA_NAME from Information_schema.SCHEMATA where SCHEMA_NAME LIKE 'wms%' ORDER BY SCHEMA_NAME='wms' DESC,SCHEMA_NAME limit 1"]}
{"level":"debug","ts":1720507904.394935,"caller":"logger/zap_logger.go:16","msg":"%s\n[%.3fms] [rows:%v] %s","args":["C:/Users/L/Desktop/实训/Project/repository/dao/init.go:23",0,"-","SELECT * FROM `outbound_records` LIMIT 1"]}
{"level":"debug","ts":1720507904.3955548,"caller":"logger/zap_logger.go:16","msg":"%s\n[%.3fms] [rows:%v] %s","args":["C:/Users/L/Desktop/实训/Project/repository/dao/init.go:23",0.62,"-","SELECT column_name, column_default, is_nullable = 'YES', data_type, character_maximum_length, column_type, column_key, extra, column_comment, numeric_precision, numeric_scale , datetime_precision FROM information_schema.columns WHERE table_schema = 'wms' AND table_name = 'outbound_records' ORDER BY ORDINAL_POSITION"]}
{"level":"debug","ts":1720507904.4060745,"caller":"logger/zap_logger.go:16","msg":"%s\n[%.3fms] [rows:%v] %s","args":["C:/Users/L/Desktop/实训/Project/repository/dao/init.go:23",10.5198,0,"ALTER TABLE `outbound_records` ADD `description` longtext"]}
{"level":"debug","ts":1720507904.4062908,"caller":"logger/zap_logger.go:16","msg":"%s\n[%.3fms] [rows:%v] %s","args":["C:/Users/L/Desktop/实训/Project/repository/dao/init.go:23",0,"-","SELECT DATABASE()"]}
{"level":"debug","ts":1720507904.4067965,"caller":"logger/zap_logger.go:16","msg":"%s\n[%.3fms] [rows:%v] %s","args":["C:/Users/L/Desktop/实训/Project/repository/dao/init.go:23",0.5058,1,"SELECT SCHEMA_NAME from Information_schema.SCHEMATA where SCHEMA_NAME LIKE 'wms%' ORDER BY SCHEMA_NAME='wms' DESC,SCHEMA_NAME limit 1"]}
{"level":"debug","ts":1720507904.4067965,"caller":"logger/zap_logger.go:16","msg":"%s\n[%.3fms] [rows:%v] %s","args":["C:/Users/L/Desktop/实训/Project/repository/dao/init.go:23",0,"-","SELECT count(*) FROM INFORMATION_SCHEMA.table_constraints WHERE constraint_schema = 'wms' AND table_name = 'outbound_records' AND constraint_name = 'fk_outbound_records_item'"]}
{"level":"debug","ts":1720507904.407336,"caller":"logger/zap_logger.go:16","msg":"%s\n[%.3fms] [rows:%v] %s","args":["C:/Users/L/Desktop/实训/Project/repository/dao/init.go:23",0,"-","SELECT DATABASE()"]}
{"level":"debug","ts":1720507904.407336,"caller":"logger/zap_logger.go:16","msg":"%s\n[%.3fms] [rows:%v] %s","args":["C:/Users/L/Desktop/实训/Project/repository/dao/init.go:23",0,1,"SELECT SCHEMA_NAME from Information_schema.SCHEMATA where SCHEMA_NAME LIKE 'wms%' ORDER BY SCHEMA_NAME='wms' DESC,SCHEMA_NAME limit 1"]}
{"level":"debug","ts":1720507904.4079792,"caller":"logger/zap_logger.go:16","msg":"%s\n[%.3fms] [rows:%v] %s","args":["C:/Users/L/Desktop/实训/Project/repository/dao/init.go:23",0.6433,"-","SELECT count(*) FROM INFORMATION_SCHEMA.table_constraints WHERE constraint_schema = 'wms' AND table_name = 'outbound_records' AND constraint_name = 'fk_outbound_records_warehouse'"]}
{"level":"debug","ts":1720507904.4079792,"caller":"logger/zap_logger.go:16","msg":"%s\n[%.3fms] [rows:%v] %s","args":["C:/Users/L/Desktop/实训/Project/repository/dao/init.go:23",0,"-","SELECT DATABASE()"]}
{"level":"debug","ts":1720507904.4086132,"caller":"logger/zap_logger.go:16","msg":"%s\n[%.3fms] [rows:%v] %s","args":["C:/Users/L/Desktop/实训/Project/repository/dao/init.go:23",0.6339,1,"SELECT SCHEMA_NAME from Information_schema.SCHEMATA where SCHEMA_NAME LIKE 'wms%' ORDER BY SCHEMA_NAME='wms' DESC,SCHEMA_NAME limit 1"]}
{"level":"debug","ts":1720507904.4091184,"caller":"logger/zap_logger.go:16","msg":"%s\n[%.3fms] [rows:%v] %s","args":["C:/Users/L/Desktop/实训/Project/repository/dao/init.go:23",0.5052,"-","SELECT count(*) FROM information_schema.statistics WHERE table_schema = 'wms' AND table_name = 'outbound_records' AND index_name = 'idx_outbound_records_deleted_at'"]}
{"level":"debug","ts":1720507904.4098778,"caller":"logger/zap_logger.go:16","msg":"%s %s\n[%.3fms] [rows:%v] %s","args":["C:/Users/L/Desktop/实训/Project/repository/dao/init.go:25",{"Number":3822,"SQLState":[72,89,48,48,48],"Message":"Duplicate check constraint name 'check_number'."},0.7593,0,"ALTER TABLE inventories ADD CONSTRAINT check_number CHECK (number >= 0)"]}
{"level":"debug","ts":1720513534.6038275,"caller":"logger/zap_logger.go:16","msg":"%s\n[%.3fms] [rows:%v] %s","args":["C:/Users/L/Desktop/实训/Project/repository/dao/user.go:27",28.9676,1,"SELECT * FROM `users` WHERE Name = 'lzdlzd' AND `users`.`deleted_at` IS NULL ORDER BY `users`.`id` LIMIT 1"]}
{"level":"debug","ts":1720513646.6071494,"caller":"logger/zap_logger.go:16","msg":"%s\n[%.3fms] [rows:%v] %s","args":["C:/Users/L/Desktop/实训/Project/repository/dao/item.go:43",13.9886,1,"INSERT INTO `items` (`created_at`,`updated_at`,`deleted_at`,`name`,`total_number`,`description`) VALUES ('2024-07-09 16:27:26.597','2024-07-09 16:27:26.597',NULL,'firsttest',0,'this is first test')"]}
{"level":"debug","ts":1720513670.8582895,"caller":"logger/zap_logger.go:16","msg":"%s\n[%.3fms] [rows:%v] %s","args":["C:/Users/L/Desktop/实训/Project/repository/dao/item.go:43",6.1926,1,"INSERT INTO `items` (`created_at`,`updated_at`,`deleted_at`,`name`,`total_number`,`description`) VALUES ('2024-07-09 16:27:50.854','2024-07-09 16:27:50.854',NULL,'secondtest',0,'this is first test')"]}
{"level":"debug","ts":1720513952.292406,"caller":"logger/zap_logger.go:16","msg":"%s\n[%.3fms] [rows:%v] %s","args":["C:/Users/L/Desktop/实训/Project/repository/dao/item.go:112",1.0002,2,"SELECT * FROM `items` WHERE `items`.`deleted_at` IS NULL"]}
{"level":"debug","ts":1720513963.2358813,"caller":"logger/zap_logger.go:16","msg":"%s\n[%.3fms] [rows:%v] %s","args":["C:/Users/L/Desktop/实训/Project/repository/dao/item.go:118",4.2434,1,"SELECT * FROM `items` WHERE Id = 1 AND `items`.`deleted_at` IS NULL ORDER BY `items`.`id` LIMIT 1"]}
